Unity Editor version:    2022.3.46f1 (8e9b8558c41a)
Branch:                  2022.3/staging
Build type:              Release
Batch mode:              YES
macOS version:           Version 12.7.6 (Build 21H1320)
Darwin version:          21.6.0
Architecture:            arm64
Running under Rosetta:   NO
Available memory:        8192 MB
Using pre-set license
Pro License: YES

COMMAND LINE ARGUMENTS:
/Applications/Unity/Hub/Editor/2022.3.46f1/Unity.app/Contents/MacOS/Unity
-adb2
-batchMode
-noUpm
-name
AssetImportWorker2
-projectPath
/Users/iverbrugge25/Documents/GitHub/Pu-u-o-Manoa-App/Pu'u-o-Manoa-App
-logFile
Logs/AssetImportWorker2.log
-srvPort
56893
Successfully changed project path to: /Users/iverbrugge25/Documents/GitHub/Pu-u-o-Manoa-App/Pu'u-o-Manoa-App
/Users/iverbrugge25/Documents/GitHub/Pu-u-o-Manoa-App/Pu'u-o-Manoa-App
[UnityMemory] Configuration Parameters - Can be set up in boot.config
    "memorysetup-bucket-allocator-granularity=16"
    "memorysetup-bucket-allocator-bucket-count=8"
    "memorysetup-bucket-allocator-block-size=33554432"
    "memorysetup-bucket-allocator-block-count=8"
    "memorysetup-main-allocator-block-size=16777216"
    "memorysetup-thread-allocator-block-size=16777216"
    "memorysetup-gfx-main-allocator-block-size=16777216"
    "memorysetup-gfx-thread-allocator-block-size=16777216"
    "memorysetup-cache-allocator-block-size=4194304"
    "memorysetup-typetree-allocator-block-size=2097152"
    "memorysetup-profiler-bucket-allocator-granularity=16"
    "memorysetup-profiler-bucket-allocator-bucket-count=8"
    "memorysetup-profiler-bucket-allocator-block-size=33554432"
    "memorysetup-profiler-bucket-allocator-block-count=8"
    "memorysetup-profiler-allocator-block-size=16777216"
    "memorysetup-profiler-editor-allocator-block-size=1048576"
    "memorysetup-temp-allocator-size-main=16777216"
    "memorysetup-job-temp-allocator-block-size=2097152"
    "memorysetup-job-temp-allocator-block-size-background=1048576"
    "memorysetup-job-temp-allocator-reduction-small-platforms=262144"
    "memorysetup-allocator-temp-initial-block-size-main=262144"
    "memorysetup-allocator-temp-initial-block-size-worker=262144"
    "memorysetup-temp-allocator-size-background-worker=32768"
    "memorysetup-temp-allocator-size-job-worker=262144"
    "memorysetup-temp-allocator-size-preload-manager=33554432"
    "memorysetup-temp-allocator-size-nav-mesh-worker=65536"
    "memorysetup-temp-allocator-size-audio-worker=65536"
    "memorysetup-temp-allocator-size-cloud-worker=32768"
    "memorysetup-temp-allocator-size-gi-baking-worker=262144"
    "memorysetup-temp-allocator-size-gfx=262144"
Player connection [4448322944]  Target information:

Player connection [4448322944]  * "[IP] 10.3.200.119 [Port] 0 [Flags] 2 [Guid] 1486011852 [EditorId] 1486011852 [Version] 1048832 [Id] OSXEditor(0,iverbrugge25) [Debug] 1 [PackageName] OSXEditor [ProjectName] Editor" 

Player connection [4448322944] Host joined multi-casting on [225.0.0.222:54997]...
Player connection [4448322944] Host joined alternative multi-casting on [225.0.0.222:34997]...
[PhysX] Initialized MultithreadedTaskDispatcher with 8 workers.
Refreshing native plugins compatible for Editor in 42.71 ms, found 2 plugins.
Preloading 0 native plugins for Editor in 0.00 ms.
Initialize engine version: 2022.3.46f1 (8e9b8558c41a)
[Subsystems] Discovering subsystems at path /Applications/Unity/Hub/Editor/2022.3.46f1/Unity.app/Contents/Resources/UnitySubsystems
[Subsystems] Discovering subsystems at path /Users/iverbrugge25/Documents/GitHub/Pu-u-o-Manoa-App/Pu'u-o-Manoa-App/Assets
GfxDevice: creating device client; threaded=0; jobified=0
 preferred device: Apple M1 (high power)
Metal devices available: 1
0: Apple M1 (high power)
Using device Apple M1 (high power)
Initializing Metal device caps: Apple M1
Initialize mono
Mono path[0] = '/Applications/Unity/Hub/Editor/2022.3.46f1/Unity.app/Contents/Managed'
Mono path[1] = '/Applications/Unity/Hub/Editor/2022.3.46f1/Unity.app/Contents/MonoBleedingEdge/lib/mono/unityjit-macos'
Mono config path = '/Applications/Unity/Hub/Editor/2022.3.46f1/Unity.app/Contents/MonoBleedingEdge/etc'
Using monoOptions --debugger-agent=transport=dt_socket,embedding=1,server=y,suspend=n,address=127.0.0.1:56383
Begin MonoManager ReloadAssembly
Registering precompiled unity dll's ...
Register platform support module: /Applications/Unity/Hub/Editor/2022.3.46f1/Unity.app/Contents/PlaybackEngines/MacStandaloneSupport/UnityEditor.OSXStandalone.Extensions.dll
Register platform support module: /Applications/Unity/Hub/Editor/2022.3.46f1/PlaybackEngines/AndroidPlayer/UnityEditor.Android.Extensions.dll
Register platform support module: /Applications/Unity/Hub/Editor/2022.3.46f1/PlaybackEngines/iOSSupport/UnityEditor.iOS.Extensions.dll
Registered in 0.010944 seconds.
- Loaded All Assemblies, in  0.732 seconds
[usbmuxd] Start listen thread
[usbmuxd] Listen thread started
[usbmuxd] Send listen message
Native extension for iOS target not found
Native extension for Android target not found
Android Extension - Scanning For ADB Devices 455 ms
Native extension for OSXStandalone target not found
Mono: successfully reloaded assembly
- Finished resetting the current domain, in  1.081 seconds
Domain Reload Profiling: 1813ms
	BeginReloadAssembly (312ms)
		ExecutionOrderSort (0ms)
		DisableScriptedObjects (0ms)
		BackupInstance (0ms)
		ReleaseScriptingObjects (0ms)
		CreateAndSetChildDomain (1ms)
	RebuildCommonClasses (64ms)
	RebuildNativeTypeToScriptingClass (11ms)
	initialDomainReloadingComplete (79ms)
	LoadAllAssembliesAndSetupDomain (265ms)
		LoadAssemblies (331ms)
		RebuildTransferFunctionScriptingTraits (0ms)
		AnalyzeDomain (244ms)
			TypeCache.Refresh (243ms)
				TypeCache.ScanAssembly (213ms)
			ScanForSourceGeneratedMonoScriptInfo (1ms)
			ResolveRequiredComponents (1ms)
	FinalizeReload (1081ms)
		ReleaseScriptCaches (0ms)
		RebuildScriptCaches (0ms)
		SetupLoadedEditorAssemblies (1034ms)
			LogAssemblyErrors (0ms)
			InitializePlatformSupportModulesInManaged (770ms)
			SetLoadedEditorAssemblies (4ms)
			RefreshPlugins (0ms)
			BeforeProcessingInitializeOnLoad (2ms)
			ProcessInitializeOnLoadAttributes (214ms)
			ProcessInitializeOnLoadMethodAttributes (44ms)
			AfterProcessingInitializeOnLoad (0ms)
			EditorAssembliesLoaded (0ms)
		ExecutionOrderSort2 (0ms)
		AwakeInstancesAfterBackupRestoration (0ms)
========================================================================
Worker process is ready to serve import requests
Caller must complete domain reload
Begin MonoManager ReloadAssembly
Symbol file data-0x17f99ce00 doesn't match image /Users/iverbrugge25/Documents/GitHub/Pu-u-o-Manoa-App/Pu'u-o-Manoa-App/Library/ScriptAssemblies/Unity.Notifications.dll
Symbol file LoadedFromMemory is not a mono symbol file
Symbol file data-0x160558000 doesn't match image /Users/iverbrugge25/Documents/GitHub/Pu-u-o-Manoa-App/Pu'u-o-Manoa-App/Library/ScriptAssemblies/Unity.PlasticSCM.Editor.dll
Symbol file LoadedFromMemory is not a mono symbol file
Symbol file data-0x1605a0000 doesn't match image /Users/iverbrugge25/Documents/GitHub/Pu-u-o-Manoa-App/Pu'u-o-Manoa-App/Library/ScriptAssemblies/Unity.Timeline.Editor.dll
Symbol file LoadedFromMemory is not a mono symbol file
Symbol file data-0x159a87e00 doesn't match image /Users/iverbrugge25/Documents/GitHub/Pu-u-o-Manoa-App/Pu'u-o-Manoa-App/Library/ScriptAssemblies/Unity.VisualScripting.Shared.Editor.dll
Symbol file LoadedFromMemory is not a mono symbol file
Symbol file data-0x130788000 doesn't match image /Users/iverbrugge25/Documents/GitHub/Pu-u-o-Manoa-App/Pu'u-o-Manoa-App/Library/ScriptAssemblies/Unity.AdaptivePerformance.dll
Symbol file LoadedFromMemory is not a mono symbol file
Symbol file data-0x17f9afc00 doesn't match image /Users/iverbrugge25/Documents/GitHub/Pu-u-o-Manoa-App/Pu'u-o-Manoa-App/Library/ScriptAssemblies/Unity.CollabProxy.Editor.dll
Symbol file LoadedFromMemory is not a mono symbol file
Symbol file data-0x160490000 doesn't match image /Users/iverbrugge25/Documents/GitHub/Pu-u-o-Manoa-App/Pu'u-o-Manoa-App/Library/ScriptAssemblies/Unity.VisualStudio.Editor.dll
Symbol file LoadedFromMemory is not a mono symbol file
Symbol file data-0x159a87e00 doesn't match image /Users/iverbrugge25/Documents/GitHub/Pu-u-o-Manoa-App/Pu'u-o-Manoa-App/Library/ScriptAssemblies/Unity.AdaptivePerformance.Simulator.Extension.dll
Symbol file LoadedFromMemory is not a mono symbol file
Symbol file data-0x17f99ce00 doesn't match image /Users/iverbrugge25/Documents/GitHub/Pu-u-o-Manoa-App/Pu'u-o-Manoa-App/Library/ScriptAssemblies/Unity.Notifications.iOS.dll
Symbol file LoadedFromMemory is not a mono symbol file
Symbol file data-0x160490000 doesn't match image /Users/iverbrugge25/Documents/GitHub/Pu-u-o-Manoa-App/Pu'u-o-Manoa-App/Library/ScriptAssemblies/UnityEditor.UI.dll
Symbol file LoadedFromMemory is not a mono symbol file
Symbol file data-0x140398000 doesn't match image /Users/iverbrugge25/Documents/GitHub/Pu-u-o-Manoa-App/Pu'u-o-Manoa-App/Library/ScriptAssemblies/Unity.VisualScripting.Core.dll
Symbol file LoadedFromMemory is not a mono symbol file
Symbol file data-0x15be48a00 doesn't match image /Users/iverbrugge25/Documents/GitHub/Pu-u-o-Manoa-App/Pu'u-o-Manoa-App/Library/ScriptAssemblies/Unity.AdaptivePerformance.Profiler.Editor.dll
Symbol file LoadedFromMemory is not a mono symbol file
Symbol file data-0x160598000 doesn't match image /Users/iverbrugge25/Documents/GitHub/Pu-u-o-Manoa-App/Pu'u-o-Manoa-App/Library/ScriptAssemblies/UnityEngine.UI.dll
Symbol file LoadedFromMemory is not a mono symbol file
Symbol file data-0x140498000 doesn't match image /Users/iverbrugge25/Documents/GitHub/Pu-u-o-Manoa-App/Pu'u-o-Manoa-App/Library/ScriptAssemblies/Unity.VisualScripting.Core.Editor.dll
Symbol file LoadedFromMemory is not a mono symbol file
Symbol file data-0x290048000 doesn't match image /Users/iverbrugge25/Documents/GitHub/Pu-u-o-Manoa-App/Pu'u-o-Manoa-App/Library/ScriptAssemblies/Unity.Rider.Editor.dll
Symbol file LoadedFromMemory is not a mono symbol file
Symbol file data-0x17f99ce00 doesn't match image /Users/iverbrugge25/Documents/GitHub/Pu-u-o-Manoa-App/Pu'u-o-Manoa-App/Library/ScriptAssemblies/Unity.AdaptivePerformance.Simulator.Editor.dll
Symbol file LoadedFromMemory is not a mono symbol file
Symbol file data-0x159ac5000 doesn't match image /Users/iverbrugge25/Documents/GitHub/Pu-u-o-Manoa-App/Pu'u-o-Manoa-App/Library/ScriptAssemblies/Unity.AdaptivePerformance.UI.Editor.dll
Symbol file LoadedFromMemory is not a mono symbol file
Symbol file data-0x1605c0000 doesn't match image /Users/iverbrugge25/Documents/GitHub/Pu-u-o-Manoa-App/Pu'u-o-Manoa-App/Library/ScriptAssemblies/UnityEditor.TestRunner.dll
Symbol file LoadedFromMemory is not a mono symbol file
Symbol file data-0x130808000 doesn't match image /Users/iverbrugge25/Documents/GitHub/Pu-u-o-Manoa-App/Pu'u-o-Manoa-App/Library/ScriptAssemblies/Unity.VisualScripting.Flow.dll
Symbol file LoadedFromMemory is not a mono symbol file
Symbol file data-0x1307e8000 doesn't match image /Users/iverbrugge25/Documents/GitHub/Pu-u-o-Manoa-App/Pu'u-o-Manoa-App/Library/ScriptAssemblies/Unity.VisualScripting.Flow.Editor.dll
Symbol file LoadedFromMemory is not a mono symbol file
Symbol file data-0x1403c8000 doesn't match image /Users/iverbrugge25/Documents/GitHub/Pu-u-o-Manoa-App/Pu'u-o-Manoa-App/Library/ScriptAssemblies/Unity.Timeline.dll
Symbol file LoadedFromMemory is not a mono symbol file
Symbol file data-0x159a87e00 doesn't match image /Users/iverbrugge25/Documents/GitHub/Pu-u-o-Manoa-App/Pu'u-o-Manoa-App/Library/ScriptAssemblies/Unity.VisualScripting.SettingsProvider.Editor.dll
Symbol file LoadedFromMemory is not a mono symbol file
Symbol file data-0x159ac5000 doesn't match image /Users/iverbrugge25/Documents/GitHub/Pu-u-o-Manoa-App/Pu'u-o-Manoa-App/Library/ScriptAssemblies/Unity.Subsystem.Registration.dll
Symbol file LoadedFromMemory is not a mono symbol file
Symbol file data-0x1403c8000 doesn't match image /Users/iverbrugge25/Documents/GitHub/Pu-u-o-Manoa-App/Pu'u-o-Manoa-App/Library/ScriptAssemblies/Unity.Mobile.AndroidLogcat.Editor.dll
Symbol file LoadedFromMemory is not a mono symbol file
Symbol file data-0x290048000 doesn't match image /Users/iverbrugge25/Documents/GitHub/Pu-u-o-Manoa-App/Pu'u-o-Manoa-App/Library/ScriptAssemblies/Unity.VisualScripting.State.Editor.dll
Symbol file LoadedFromMemory is not a mono symbol file
Symbol file data-0x1403c8000 doesn't match image /Users/iverbrugge25/Documents/GitHub/Pu-u-o-Manoa-App/Pu'u-o-Manoa-App/Library/ScriptAssemblies/UnityEngine.TestRunner.dll
Symbol file LoadedFromMemory is not a mono symbol file
Symbol file data-0x140398000 doesn't match image /Users/iverbrugge25/Documents/GitHub/Pu-u-o-Manoa-App/Pu'u-o-Manoa-App/Library/ScriptAssemblies/Unity.TextMeshPro.dll
Symbol file LoadedFromMemory is not a mono symbol file
Symbol file data-0x2a0018000 doesn't match image /Users/iverbrugge25/Documents/GitHub/Pu-u-o-Manoa-App/Pu'u-o-Manoa-App/Library/ScriptAssemblies/Unity.TextMeshPro.Editor.dll
Symbol file LoadedFromMemory is not a mono symbol file
Symbol file data-0x1605e0000 doesn't match image /Users/iverbrugge25/Documents/GitHub/Pu-u-o-Manoa-App/Pu'u-o-Manoa-App/Library/ScriptAssemblies/Unity.AdaptivePerformance.Editor.dll
Symbol file LoadedFromMemory is not a mono symbol file
Symbol file data-0x17f9b7e00 doesn't match image /Users/iverbrugge25/Documents/GitHub/Pu-u-o-Manoa-App/Pu'u-o-Manoa-App/Library/ScriptAssemblies/Unity.VisualScripting.State.dll
Symbol file LoadedFromMemory is not a mono symbol file
Symbol file data-0x17f961e00 doesn't match image /Users/iverbrugge25/Documents/GitHub/Pu-u-o-Manoa-App/Pu'u-o-Manoa-App/Library/ScriptAssemblies/Unity.VSCode.Editor.dll
Symbol file LoadedFromMemory is not a mono symbol file
Symbol file data-0x15be4bc00 doesn't match image /Users/iverbrugge25/Documents/GitHub/Pu-u-o-Manoa-App/Pu'u-o-Manoa-App/Library/ScriptAssemblies/Unity.Notifications.Android.dll
Symbol file LoadedFromMemory is not a mono symbol file
Symbol file data-0x15aae5200 doesn't match image /Users/iverbrugge25/Documents/GitHub/Pu-u-o-Manoa-App/Pu'u-o-Manoa-App/Library/ScriptAssemblies/Unity.Profiling.Core.dll
Symbol file LoadedFromMemory is not a mono symbol file
Symbol file data-0x15be56200 doesn't match image /Users/iverbrugge25/Documents/GitHub/Pu-u-o-Manoa-App/Pu'u-o-Manoa-App/Library/ScriptAssemblies/Unity.Notifications.Unified.dll
Symbol file LoadedFromMemory is not a mono symbol file
- Loaded All Assemblies, in  1.662 seconds
Native extension for iOS target not found
Native extension for Android target not found
Native extension for OSXStandalone target not found
Package Manager log level set to [2]
[Package Manager] Server::EnsureServerProcessIsRunning -- launch failed, reason: Unity was launched with the -noUpm command-line argument
[Package Manager] UpmClient::Send -- Unable to send message (not connected to UPM process).
[Package Manager] Cannot connect to Unity Package Manager local server
Mono: successfully reloaded assembly
[Package Manager] Server::EnsureServerProcessIsRunning -- launch failed, reason: Unity was launched with the -noUpm command-line argument
[Package Manager] UpmClient::Send -- Unable to send message (not connected to UPM process).
[Package Manager] Cannot connect to Unity Package Manager local server
[Package Manager] Server::EnsureServerProcessIsRunning -- launch failed, reason: Unity was launched with the -noUpm command-line argument
[Package Manager] UpmClient::Send -- Unable to send message (not connected to UPM process).
[Package Manager] Cannot connect to Unity Package Manager local server
- Finished resetting the current domain, in  0.725 seconds
Domain Reload Profiling: 2411ms
	BeginReloadAssembly (504ms)
		ExecutionOrderSort (0ms)
		DisableScriptedObjects (13ms)
		BackupInstance (0ms)
		ReleaseScriptingObjects (0ms)
		CreateAndSetChildDomain (64ms)
	RebuildCommonClasses (56ms)
	RebuildNativeTypeToScriptingClass (11ms)
	initialDomainReloadingComplete (64ms)
	LoadAllAssembliesAndSetupDomain (1049ms)
		LoadAssemblies (1088ms)
		RebuildTransferFunctionScriptingTraits (0ms)
		AnalyzeDomain (265ms)
			TypeCache.Refresh (243ms)
				TypeCache.ScanAssembly (183ms)
			ScanForSourceGeneratedMonoScriptInfo (14ms)
			ResolveRequiredComponents (6ms)
	FinalizeReload (726ms)
		ReleaseScriptCaches (0ms)
		RebuildScriptCaches (0ms)
		SetupLoadedEditorAssemblies (479ms)
			LogAssemblyErrors (0ms)
			InitializePlatformSupportModulesInManaged (67ms)
			SetLoadedEditorAssemblies (3ms)
			RefreshPlugins (0ms)
			BeforeProcessingInitializeOnLoad (49ms)
			ProcessInitializeOnLoadAttributes (342ms)
			ProcessInitializeOnLoadMethodAttributes (18ms)
			AfterProcessingInitializeOnLoad (1ms)
			EditorAssembliesLoaded (0ms)
		ExecutionOrderSort2 (0ms)
		AwakeInstancesAfterBackupRestoration (5ms)
Launching external process: /Applications/Unity/Hub/Editor/2022.3.46f1/Unity.app/Contents/Tools/UnityShaderCompiler
Launched and connected shader compiler UnityShaderCompiler after 0.23 seconds
Refreshing native plugins compatible for Editor in 34.86 ms, found 2 plugins.
Preloading 0 native plugins for Editor in 0.00 ms.
Unloading 3199 Unused Serialized files (Serialized files now loaded: 0)
Unloading 18 unused Assets / (51.1 KB). Loaded Objects now: 3672.
Memory consumption went from 220.6 MB to 220.5 MB.
Total: 9.386166 ms (FindLiveObjects: 0.247042 ms CreateObjectMapping: 0.060000 ms MarkObjects: 8.800417 ms  DeleteObjects: 0.275875 ms)

AssetImportParameters requested are different than current active one (requested -> active):
  custom:container-demuxer-ogg: 62fdf1f143b41e24485cea50d1cbac27 -> 
  custom:video-decoder-ogg-theora: a1e56fd34408186e4bbccfd4996cb3dc -> 
  custom:CustomObjectIndexerAttribute: 9a22284fe3817be447336de3de66b15e -> 
  custom:container-demuxer-webm: 4f35f7cbe854078d1ac9338744f61a02 -> 
  custom:container-muxer-webm: aa71ff27fc2769a1b78a27578f13a17b -> 
  custom:video-decoder-webm-vp8: 9c59270c3fd7afecdb556c50c9e8de78 -> 
  custom:SearchIndexIgnoredProperties: e643bd26f0fe6173181afceb89e7c659 -> 
  custom:AudioImporter_EditorPlatform: 3918e3fc78b5a79bad01e8451be0beb8 -> 
  custom:framework-osx-AVFoundation: e770b220cccbd017edd2c1fefb359320 -> 
  custom:video-encoder-webm-vp8: eb34c28f22e8b96e1ab97ce403110664 -> 
  custom:audio-decoder-ogg-vorbis: bf7c407c2cedff20999df2af8eb42d56 -> 
  custom:audio-encoder-webm-vorbis: bf7c407c2cedff20999df2af8eb42d56 -> 
Editor requested this worker to shutdown with reason: Scaling down because of idle timeout
TcpMessagingSession - receive error: operation aborted. errorcode: 89, details: Operation aborted.
AssetImportWorker is now disconnected from the server
Process exiting
