Unity Editor version:    2022.3.46f1 (8e9b8558c41a)
Branch:                  2022.3/staging
Build type:              Release
Batch mode:              YES
macOS version:           Version 12.7.6 (Build 21H1320)
Darwin version:          21.6.0
Architecture:            arm64
Running under Rosetta:   NO
Available memory:        8192 MB
Using pre-set license
Pro License: YES

COMMAND LINE ARGUMENTS:
/Applications/Unity/Hub/Editor/2022.3.46f1/Unity.app/Contents/MacOS/Unity
-adb2
-batchMode
-noUpm
-name
AssetImportWorker0
-projectPath
/Users/iverbrugge25/Documents/GitHub/Pu-u-o-Manoa-App/Pu'u-o-Manoa-App
-logFile
Logs/AssetImportWorker0.log
-srvPort
55824
Successfully changed project path to: /Users/iverbrugge25/Documents/GitHub/Pu-u-o-Manoa-App/Pu'u-o-Manoa-App
/Users/iverbrugge25/Documents/GitHub/Pu-u-o-Manoa-App/Pu'u-o-Manoa-App
[UnityMemory] Configuration Parameters - Can be set up in boot.config
    "memorysetup-bucket-allocator-granularity=16"
    "memorysetup-bucket-allocator-bucket-count=8"
    "memorysetup-bucket-allocator-block-size=33554432"
    "memorysetup-bucket-allocator-block-count=8"
    "memorysetup-main-allocator-block-size=16777216"
    "memorysetup-thread-allocator-block-size=16777216"
    "memorysetup-gfx-main-allocator-block-size=16777216"
    "memorysetup-gfx-thread-allocator-block-size=16777216"
    "memorysetup-cache-allocator-block-size=4194304"
    "memorysetup-typetree-allocator-block-size=2097152"
    "memorysetup-profiler-bucket-allocator-granularity=16"
    "memorysetup-profiler-bucket-allocator-bucket-count=8"
    "memorysetup-profiler-bucket-allocator-block-size=33554432"
    "memorysetup-profiler-bucket-allocator-block-count=8"
    "memorysetup-profiler-allocator-block-size=16777216"
    "memorysetup-profiler-editor-allocator-block-size=1048576"
    "memorysetup-temp-allocator-size-main=16777216"
    "memorysetup-job-temp-allocator-block-size=2097152"
    "memorysetup-job-temp-allocator-block-size-background=1048576"
    "memorysetup-job-temp-allocator-reduction-small-platforms=262144"
    "memorysetup-allocator-temp-initial-block-size-main=262144"
    "memorysetup-allocator-temp-initial-block-size-worker=262144"
    "memorysetup-temp-allocator-size-background-worker=32768"
    "memorysetup-temp-allocator-size-job-worker=262144"
    "memorysetup-temp-allocator-size-preload-manager=33554432"
    "memorysetup-temp-allocator-size-nav-mesh-worker=65536"
    "memorysetup-temp-allocator-size-audio-worker=65536"
    "memorysetup-temp-allocator-size-cloud-worker=32768"
    "memorysetup-temp-allocator-size-gi-baking-worker=262144"
    "memorysetup-temp-allocator-size-gfx=262144"
Player connection [4474045824]  Target information:

Player connection [4474045824]  * "[IP] 10.3.200.119 [Port] 0 [Flags] 2 [Guid] 1805977452 [EditorId] 1805977452 [Version] 1048832 [Id] OSXEditor(0,iverbrugge25) [Debug] 1 [PackageName] OSXEditor [ProjectName] Editor" 

Player connection [4474045824] Host joined multi-casting on [225.0.0.222:54997]...
Player connection [4474045824] Host joined alternative multi-casting on [225.0.0.222:34997]...
[PhysX] Initialized MultithreadedTaskDispatcher with 8 workers.
Refreshing native plugins compatible for Editor in 63.10 ms, found 2 plugins.
Preloading 0 native plugins for Editor in 0.00 ms.
Initialize engine version: 2022.3.46f1 (8e9b8558c41a)
[Subsystems] Discovering subsystems at path /Applications/Unity/Hub/Editor/2022.3.46f1/Unity.app/Contents/Resources/UnitySubsystems
[Subsystems] Discovering subsystems at path /Users/iverbrugge25/Documents/GitHub/Pu-u-o-Manoa-App/Pu'u-o-Manoa-App/Assets
GfxDevice: creating device client; threaded=0; jobified=0
 preferred device: Apple M1 (high power)
Metal devices available: 1
0: Apple M1 (high power)
Using device Apple M1 (high power)
Initializing Metal device caps: Apple M1
Initialize mono
Mono path[0] = '/Applications/Unity/Hub/Editor/2022.3.46f1/Unity.app/Contents/Managed'
Mono path[1] = '/Applications/Unity/Hub/Editor/2022.3.46f1/Unity.app/Contents/MonoBleedingEdge/lib/mono/unityjit-macos'
Mono config path = '/Applications/Unity/Hub/Editor/2022.3.46f1/Unity.app/Contents/MonoBleedingEdge/etc'
Using monoOptions --debugger-agent=transport=dt_socket,embedding=1,server=y,suspend=n,address=127.0.0.1:56616
Begin MonoManager ReloadAssembly
Registering precompiled unity dll's ...
Register platform support module: /Applications/Unity/Hub/Editor/2022.3.46f1/Unity.app/Contents/PlaybackEngines/MacStandaloneSupport/UnityEditor.OSXStandalone.Extensions.dll
Register platform support module: /Applications/Unity/Hub/Editor/2022.3.46f1/PlaybackEngines/AndroidPlayer/UnityEditor.Android.Extensions.dll
Register platform support module: /Applications/Unity/Hub/Editor/2022.3.46f1/PlaybackEngines/iOSSupport/UnityEditor.iOS.Extensions.dll
Registered in 0.006817 seconds.
- Loaded All Assemblies, in  0.502 seconds
[usbmuxd] Start listen thread
[usbmuxd] Listen thread started
[usbmuxd] Send listen message
Native extension for iOS target not found
Native extension for Android target not found
Android Extension - Scanning For ADB Devices 195 ms
Native extension for OSXStandalone target not found
Mono: successfully reloaded assembly
- Finished resetting the current domain, in  0.524 seconds
Domain Reload Profiling: 1027ms
	BeginReloadAssembly (247ms)
		ExecutionOrderSort (0ms)
		DisableScriptedObjects (0ms)
		BackupInstance (0ms)
		ReleaseScriptingObjects (0ms)
		CreateAndSetChildDomain (1ms)
	RebuildCommonClasses (34ms)
	RebuildNativeTypeToScriptingClass (9ms)
	initialDomainReloadingComplete (42ms)
	LoadAllAssembliesAndSetupDomain (170ms)
		LoadAssemblies (255ms)
		RebuildTransferFunctionScriptingTraits (0ms)
		AnalyzeDomain (160ms)
			TypeCache.Refresh (159ms)
				TypeCache.ScanAssembly (144ms)
			ScanForSourceGeneratedMonoScriptInfo (0ms)
			ResolveRequiredComponents (0ms)
	FinalizeReload (525ms)
		ReleaseScriptCaches (0ms)
		RebuildScriptCaches (0ms)
		SetupLoadedEditorAssemblies (492ms)
			LogAssemblyErrors (0ms)
			InitializePlatformSupportModulesInManaged (381ms)
			SetLoadedEditorAssemblies (3ms)
			RefreshPlugins (0ms)
			BeforeProcessingInitializeOnLoad (2ms)
			ProcessInitializeOnLoadAttributes (75ms)
			ProcessInitializeOnLoadMethodAttributes (31ms)
			AfterProcessingInitializeOnLoad (0ms)
			EditorAssembliesLoaded (0ms)
		ExecutionOrderSort2 (0ms)
		AwakeInstancesAfterBackupRestoration (0ms)
========================================================================
Worker process is ready to serve import requests
Caller must complete domain reload
Begin MonoManager ReloadAssembly
Symbol file data-0x150295600 doesn't match image /Users/iverbrugge25/Documents/GitHub/Pu-u-o-Manoa-App/Pu'u-o-Manoa-App/Library/ScriptAssemblies/Unity.Notifications.dll
Symbol file LoadedFromMemory is not a mono symbol file
Symbol file data-0x148298000 doesn't match image /Users/iverbrugge25/Documents/GitHub/Pu-u-o-Manoa-App/Pu'u-o-Manoa-App/Library/ScriptAssemblies/Unity.PlasticSCM.Editor.dll
Symbol file LoadedFromMemory is not a mono symbol file
Symbol file data-0x1482e0000 doesn't match image /Users/iverbrugge25/Documents/GitHub/Pu-u-o-Manoa-App/Pu'u-o-Manoa-App/Library/ScriptAssemblies/Unity.Timeline.Editor.dll
Symbol file LoadedFromMemory is not a mono symbol file
Symbol file data-0x15327d800 doesn't match image /Users/iverbrugge25/Documents/GitHub/Pu-u-o-Manoa-App/Pu'u-o-Manoa-App/Library/ScriptAssemblies/Unity.VisualScripting.Shared.Editor.dll
Symbol file LoadedFromMemory is not a mono symbol file
Symbol file data-0x1589a0000 doesn't match image /Users/iverbrugge25/Documents/GitHub/Pu-u-o-Manoa-App/Pu'u-o-Manoa-App/Library/ScriptAssemblies/Unity.AdaptivePerformance.dll
Symbol file LoadedFromMemory is not a mono symbol file
Symbol file data-0x15029be00 doesn't match image /Users/iverbrugge25/Documents/GitHub/Pu-u-o-Manoa-App/Pu'u-o-Manoa-App/Library/ScriptAssemblies/Unity.CollabProxy.Editor.dll
Symbol file LoadedFromMemory is not a mono symbol file
Symbol file data-0x148298000 doesn't match image /Users/iverbrugge25/Documents/GitHub/Pu-u-o-Manoa-App/Pu'u-o-Manoa-App/Library/ScriptAssemblies/Unity.VisualStudio.Editor.dll
Symbol file LoadedFromMemory is not a mono symbol file
Symbol file data-0x15287f000 doesn't match image /Users/iverbrugge25/Documents/GitHub/Pu-u-o-Manoa-App/Pu'u-o-Manoa-App/Library/ScriptAssemblies/Unity.AdaptivePerformance.Simulator.Extension.dll
Symbol file LoadedFromMemory is not a mono symbol file
Symbol file data-0x15327d800 doesn't match image /Users/iverbrugge25/Documents/GitHub/Pu-u-o-Manoa-App/Pu'u-o-Manoa-App/Library/ScriptAssemblies/Unity.Notifications.iOS.dll
Symbol file LoadedFromMemory is not a mono symbol file
Symbol file data-0x138840000 doesn't match image /Users/iverbrugge25/Documents/GitHub/Pu-u-o-Manoa-App/Pu'u-o-Manoa-App/Library/ScriptAssemblies/UnityEditor.UI.dll
Symbol file LoadedFromMemory is not a mono symbol file
Symbol file data-0x148348000 doesn't match image /Users/iverbrugge25/Documents/GitHub/Pu-u-o-Manoa-App/Pu'u-o-Manoa-App/Library/ScriptAssemblies/Unity.VisualScripting.Core.dll
Symbol file LoadedFromMemory is not a mono symbol file
Symbol file data-0x15327d800 doesn't match image /Users/iverbrugge25/Documents/GitHub/Pu-u-o-Manoa-App/Pu'u-o-Manoa-App/Library/ScriptAssemblies/Unity.AdaptivePerformance.Profiler.Editor.dll
Symbol file LoadedFromMemory is not a mono symbol file
Symbol file data-0x148390000 doesn't match image /Users/iverbrugge25/Documents/GitHub/Pu-u-o-Manoa-App/Pu'u-o-Manoa-App/Library/ScriptAssemblies/UnityEngine.UI.dll
Symbol file LoadedFromMemory is not a mono symbol file
Symbol file data-0x1388f0000 doesn't match image /Users/iverbrugge25/Documents/GitHub/Pu-u-o-Manoa-App/Pu'u-o-Manoa-App/Library/ScriptAssemblies/Unity.VisualScripting.Core.Editor.dll
Symbol file LoadedFromMemory is not a mono symbol file
Symbol file data-0x148298000 doesn't match image /Users/iverbrugge25/Documents/GitHub/Pu-u-o-Manoa-App/Pu'u-o-Manoa-App/Library/ScriptAssemblies/Unity.Rider.Editor.dll
Symbol file LoadedFromMemory is not a mono symbol file
Symbol file data-0x15329aa00 doesn't match image /Users/iverbrugge25/Documents/GitHub/Pu-u-o-Manoa-App/Pu'u-o-Manoa-App/Library/ScriptAssemblies/Unity.AdaptivePerformance.Simulator.Editor.dll
Symbol file LoadedFromMemory is not a mono symbol file
Symbol file data-0x15287f000 doesn't match image /Users/iverbrugge25/Documents/GitHub/Pu-u-o-Manoa-App/Pu'u-o-Manoa-App/Library/ScriptAssemblies/Unity.AdaptivePerformance.UI.Editor.dll
Symbol file LoadedFromMemory is not a mono symbol file
Symbol file data-0x148390000 doesn't match image /Users/iverbrugge25/Documents/GitHub/Pu-u-o-Manoa-App/Pu'u-o-Manoa-App/Library/ScriptAssemblies/UnityEditor.TestRunner.dll
Symbol file LoadedFromMemory is not a mono symbol file
Symbol file data-0x1483d0000 doesn't match image /Users/iverbrugge25/Documents/GitHub/Pu-u-o-Manoa-App/Pu'u-o-Manoa-App/Library/ScriptAssemblies/Unity.VisualScripting.Flow.dll
Symbol file LoadedFromMemory is not a mono symbol file
Symbol file data-0x138110000 doesn't match image /Users/iverbrugge25/Documents/GitHub/Pu-u-o-Manoa-App/Pu'u-o-Manoa-App/Library/ScriptAssemblies/Unity.VisualScripting.Flow.Editor.dll
Symbol file LoadedFromMemory is not a mono symbol file
Symbol file data-0x148390000 doesn't match image /Users/iverbrugge25/Documents/GitHub/Pu-u-o-Manoa-App/Pu'u-o-Manoa-App/Library/ScriptAssemblies/Unity.Timeline.dll
Symbol file LoadedFromMemory is not a mono symbol file
Symbol file data-0x15329aa00 doesn't match image /Users/iverbrugge25/Documents/GitHub/Pu-u-o-Manoa-App/Pu'u-o-Manoa-App/Library/ScriptAssemblies/Unity.VisualScripting.SettingsProvider.Editor.dll
Symbol file LoadedFromMemory is not a mono symbol file
Symbol file data-0x15287f000 doesn't match image /Users/iverbrugge25/Documents/GitHub/Pu-u-o-Manoa-App/Pu'u-o-Manoa-App/Library/ScriptAssemblies/Unity.Subsystem.Registration.dll
Symbol file LoadedFromMemory is not a mono symbol file
Symbol file data-0x148390000 doesn't match image /Users/iverbrugge25/Documents/GitHub/Pu-u-o-Manoa-App/Pu'u-o-Manoa-App/Library/ScriptAssemblies/Unity.Mobile.AndroidLogcat.Editor.dll
Symbol file LoadedFromMemory is not a mono symbol file
Symbol file data-0x1483a8000 doesn't match image /Users/iverbrugge25/Documents/GitHub/Pu-u-o-Manoa-App/Pu'u-o-Manoa-App/Library/ScriptAssemblies/Unity.VisualScripting.State.Editor.dll
Symbol file LoadedFromMemory is not a mono symbol file
Symbol file data-0x128458000 doesn't match image /Users/iverbrugge25/Documents/GitHub/Pu-u-o-Manoa-App/Pu'u-o-Manoa-App/Library/ScriptAssemblies/UnityEngine.TestRunner.dll
Symbol file LoadedFromMemory is not a mono symbol file
Symbol file data-0x138130000 doesn't match image /Users/iverbrugge25/Documents/GitHub/Pu-u-o-Manoa-App/Pu'u-o-Manoa-App/Library/ScriptAssemblies/Unity.TextMeshPro.dll
Symbol file LoadedFromMemory is not a mono symbol file
Symbol file data-0x148390000 doesn't match image /Users/iverbrugge25/Documents/GitHub/Pu-u-o-Manoa-App/Pu'u-o-Manoa-App/Library/ScriptAssemblies/Unity.TextMeshPro.Editor.dll
Symbol file LoadedFromMemory is not a mono symbol file
Symbol file data-0x138840000 doesn't match image /Users/iverbrugge25/Documents/GitHub/Pu-u-o-Manoa-App/Pu'u-o-Manoa-App/Library/ScriptAssemblies/Unity.AdaptivePerformance.Editor.dll
Symbol file LoadedFromMemory is not a mono symbol file
Symbol file data-0x15289a200 doesn't match image /Users/iverbrugge25/Documents/GitHub/Pu-u-o-Manoa-App/Pu'u-o-Manoa-App/Library/ScriptAssemblies/Unity.VisualScripting.State.dll
Symbol file LoadedFromMemory is not a mono symbol file
Symbol file data-0x15329aa00 doesn't match image /Users/iverbrugge25/Documents/GitHub/Pu-u-o-Manoa-App/Pu'u-o-Manoa-App/Library/ScriptAssemblies/Unity.VSCode.Editor.dll
Symbol file LoadedFromMemory is not a mono symbol file
Symbol file data-0x1532a1400 doesn't match image /Users/iverbrugge25/Documents/GitHub/Pu-u-o-Manoa-App/Pu'u-o-Manoa-App/Library/ScriptAssemblies/Unity.Notifications.Android.dll
Symbol file LoadedFromMemory is not a mono symbol file
Symbol file data-0x1532a4a00 doesn't match image /Users/iverbrugge25/Documents/GitHub/Pu-u-o-Manoa-App/Pu'u-o-Manoa-App/Library/ScriptAssemblies/Unity.Profiling.Core.dll
Symbol file LoadedFromMemory is not a mono symbol file
Symbol file data-0x15329aa00 doesn't match image /Users/iverbrugge25/Documents/GitHub/Pu-u-o-Manoa-App/Pu'u-o-Manoa-App/Library/ScriptAssemblies/Unity.Notifications.Unified.dll
Symbol file LoadedFromMemory is not a mono symbol file
- Loaded All Assemblies, in  0.773 seconds
Native extension for iOS target not found
Native extension for Android target not found
Native extension for OSXStandalone target not found
Package Manager log level set to [2]
[Package Manager] Server::EnsureServerProcessIsRunning -- launch failed, reason: Unity was launched with the -noUpm command-line argument
[Package Manager] UpmClient::Send -- Unable to send message (not connected to UPM process).
[Package Manager] Cannot connect to Unity Package Manager local server
Mono: successfully reloaded assembly
[Package Manager] Server::EnsureServerProcessIsRunning -- launch failed, reason: Unity was launched with the -noUpm command-line argument
[Package Manager] UpmClient::Send -- Unable to send message (not connected to UPM process).
[Package Manager] Cannot connect to Unity Package Manager local server
[Package Manager] Server::EnsureServerProcessIsRunning -- launch failed, reason: Unity was launched with the -noUpm command-line argument
[Package Manager] UpmClient::Send -- Unable to send message (not connected to UPM process).
[Package Manager] Cannot connect to Unity Package Manager local server
- Finished resetting the current domain, in  0.490 seconds
Domain Reload Profiling: 1263ms
	BeginReloadAssembly (188ms)
		ExecutionOrderSort (0ms)
		DisableScriptedObjects (3ms)
		BackupInstance (0ms)
		ReleaseScriptingObjects (0ms)
		CreateAndSetChildDomain (26ms)
	RebuildCommonClasses (33ms)
	RebuildNativeTypeToScriptingClass (9ms)
	initialDomainReloadingComplete (30ms)
	LoadAllAssembliesAndSetupDomain (512ms)
		LoadAssemblies (493ms)
		RebuildTransferFunctionScriptingTraits (0ms)
		AnalyzeDomain (153ms)
			TypeCache.Refresh (140ms)
				TypeCache.ScanAssembly (114ms)
			ScanForSourceGeneratedMonoScriptInfo (9ms)
			ResolveRequiredComponents (4ms)
	FinalizeReload (490ms)
		ReleaseScriptCaches (0ms)
		RebuildScriptCaches (0ms)
		SetupLoadedEditorAssemblies (329ms)
			LogAssemblyErrors (0ms)
			InitializePlatformSupportModulesInManaged (43ms)
			SetLoadedEditorAssemblies (2ms)
			RefreshPlugins (0ms)
			BeforeProcessingInitializeOnLoad (34ms)
			ProcessInitializeOnLoadAttributes (235ms)
			ProcessInitializeOnLoadMethodAttributes (14ms)
			AfterProcessingInitializeOnLoad (1ms)
			EditorAssembliesLoaded (0ms)
		ExecutionOrderSort2 (0ms)
		AwakeInstancesAfterBackupRestoration (3ms)
Launching external process: /Applications/Unity/Hub/Editor/2022.3.46f1/Unity.app/Contents/Tools/UnityShaderCompiler
Launched and connected shader compiler UnityShaderCompiler after 0.14 seconds
Refreshing native plugins compatible for Editor in 37.62 ms, found 2 plugins.
Preloading 0 native plugins for Editor in 0.00 ms.
Unloading 3199 Unused Serialized files (Serialized files now loaded: 0)
Unloading 18 unused Assets / (51.5 KB). Loaded Objects now: 3672.
Memory consumption went from 220.0 MB to 220.0 MB.
Total: 8.125333 ms (FindLiveObjects: 0.171084 ms CreateObjectMapping: 0.059666 ms MarkObjects: 5.234750 ms  DeleteObjects: 2.659208 ms)

AssetImportParameters requested are different than current active one (requested -> active):
  custom:container-demuxer-ogg: 62fdf1f143b41e24485cea50d1cbac27 -> 
  custom:video-decoder-ogg-theora: a1e56fd34408186e4bbccfd4996cb3dc -> 
  custom:CustomObjectIndexerAttribute: 9a22284fe3817be447336de3de66b15e -> 
  custom:container-demuxer-webm: 4f35f7cbe854078d1ac9338744f61a02 -> 
  custom:container-muxer-webm: aa71ff27fc2769a1b78a27578f13a17b -> 
  custom:video-decoder-webm-vp8: 9c59270c3fd7afecdb556c50c9e8de78 -> 
  custom:SearchIndexIgnoredProperties: e643bd26f0fe6173181afceb89e7c659 -> 
  custom:AudioImporter_EditorPlatform: 3918e3fc78b5a79bad01e8451be0beb8 -> 
  custom:framework-osx-AVFoundation: e770b220cccbd017edd2c1fefb359320 -> 
  custom:video-encoder-webm-vp8: eb34c28f22e8b96e1ab97ce403110664 -> 
  custom:audio-decoder-ogg-vorbis: bf7c407c2cedff20999df2af8eb42d56 -> 
  custom:audio-encoder-webm-vorbis: bf7c407c2cedff20999df2af8eb42d56 -> 
========================================================================
Received Import Request.
  Time since last request: 28364.209005 seconds.
  path: Assets/TutorialInfo/Readme.asset
  artifactKey: Guid(7f2c382dc2c22446db59030979f6e495) Importer(815301076,1909f56bfc062723c751e8b465ee728b)
Start importing Assets/TutorialInfo/Readme.asset using Guid(7f2c382dc2c22446db59030979f6e495) Importer(815301076,1909f56bfc062723c751e8b465ee728b) [PhysX] Initialized MultithreadedTaskDispatcher with 8 workers.
 -> (artifact id: '6685bce48972444adef26de25d107d5d') in 0.022322 seconds
Number of updated asset objects reloaded before import = 0
Number of asset objects unloaded after import = 2
========================================================================
Received Import Request.
  Time since last request: 604.973033 seconds.
  path: Assets/TutorialInfo/Scripts
  artifactKey: Guid(5a9bcd70e6a4b4b05badaa72e827d8e0) Importer(815301076,1909f56bfc062723c751e8b465ee728b)
Start importing Assets/TutorialInfo/Scripts using Guid(5a9bcd70e6a4b4b05badaa72e827d8e0) Importer(815301076,1909f56bfc062723c751e8b465ee728b) [PhysX] Initialized MultithreadedTaskDispatcher with 8 workers.
 -> (artifact id: '59ff7454aad3a38361504eac634665fc') in 0.011311 seconds
Number of updated asset objects reloaded before import = 0
Number of asset objects unloaded after import = 0
========================================================================
Received Import Request.
  Time since last request: 1.314767 seconds.
  path: Assets/TutorialInfo/Scripts/Editor
  artifactKey: Guid(3ad9b87dffba344c89909c6d1b1c17e1) Importer(815301076,1909f56bfc062723c751e8b465ee728b)
Start importing Assets/TutorialInfo/Scripts/Editor using Guid(3ad9b87dffba344c89909c6d1b1c17e1) Importer(815301076,1909f56bfc062723c751e8b465ee728b) [PhysX] Initialized MultithreadedTaskDispatcher with 8 workers.
 -> (artifact id: 'bdc6825f1e02469dd58c4966daa1cab3') in 0.000730 seconds
Number of updated asset objects reloaded before import = 0
Number of asset objects unloaded after import = 0
========================================================================
Received Import Request.
  Time since last request: 130.199477 seconds.
  path: Assets/Editor/com.unity.mobile.notifications
  artifactKey: Guid(6d8e2e3178665be488e481c57be9527e) Importer(815301076,1909f56bfc062723c751e8b465ee728b)
Start importing Assets/Editor/com.unity.mobile.notifications using Guid(6d8e2e3178665be488e481c57be9527e) Importer(815301076,1909f56bfc062723c751e8b465ee728b) [PhysX] Initialized MultithreadedTaskDispatcher with 8 workers.
 -> (artifact id: '9273b0236d16103fcd2b99250ff13af1') in 0.013741 seconds
Number of updated asset objects reloaded before import = 0
Number of asset objects unloaded after import = 0
========================================================================
Received Import Request.
  Time since last request: 0.046098 seconds.
  path: Assets/Editor/com.unity.mobile.notifications/NotificationSettings.asset
  artifactKey: Guid(45a04f37e0f48c744acc0874c4a8918a) Importer(815301076,1909f56bfc062723c751e8b465ee728b)
Start importing Assets/Editor/com.unity.mobile.notifications/NotificationSettings.asset using Guid(45a04f37e0f48c744acc0874c4a8918a) Importer(815301076,1909f56bfc062723c751e8b465ee728b) [PhysX] Initialized MultithreadedTaskDispatcher with 8 workers.
 -> (artifact id: '6c0af9ad14292a14cc3fbf20f8ab33b6') in 0.011224 seconds
Number of updated asset objects reloaded before import = 0
Number of asset objects unloaded after import = 1
========================================================================
Received Import Request.
  Time since last request: 24.128783 seconds.
  path: Assets/Scripts/PlayerController.cs
  artifactKey: Guid(443db10e9221f459fb0e1259c0d46981) Importer(815301076,1909f56bfc062723c751e8b465ee728b)
Start importing Assets/Scripts/PlayerController.cs using Guid(443db10e9221f459fb0e1259c0d46981) Importer(815301076,1909f56bfc062723c751e8b465ee728b) [PhysX] Initialized MultithreadedTaskDispatcher with 8 workers.
 -> (artifact id: '5f1cc4f03abb17ac678836d6c5ce48ff') in 0.000424 seconds
Number of updated asset objects reloaded before import = 0
Number of asset objects unloaded after import = 0
========================================================================
Received Import Request.
  Time since last request: 0.732012 seconds.
  path: Assets/Scripts/CameraController.cs
  artifactKey: Guid(54c3bd4d56fc24be598ddc9c3d12a4f3) Importer(815301076,1909f56bfc062723c751e8b465ee728b)
Start importing Assets/Scripts/CameraController.cs using Guid(54c3bd4d56fc24be598ddc9c3d12a4f3) Importer(815301076,1909f56bfc062723c751e8b465ee728b) [PhysX] Initialized MultithreadedTaskDispatcher with 8 workers.
 -> (artifact id: '5c252cd689676de01aedb809b9edf257') in 0.000885 seconds
Number of updated asset objects reloaded before import = 0
Number of asset objects unloaded after import = 0
========================================================================
Received Prepare
Caller must complete domain reload
Begin MonoManager ReloadAssembly
Thread 0x17eb33000 may have been prematurely finalized
Symbol file data-0x15025d200 doesn't match image /Users/iverbrugge25/Documents/GitHub/Pu-u-o-Manoa-App/Pu'u-o-Manoa-App/Library/ScriptAssemblies/Unity.Notifications.dll
Symbol file LoadedFromMemory is not a mono symbol file
Symbol file data-0x1480c8000 doesn't match image /Users/iverbrugge25/Documents/GitHub/Pu-u-o-Manoa-App/Pu'u-o-Manoa-App/Library/ScriptAssemblies/Unity.PlasticSCM.Editor.dll
Symbol file LoadedFromMemory is not a mono symbol file
Symbol file data-0x148110000 doesn't match image /Users/iverbrugge25/Documents/GitHub/Pu-u-o-Manoa-App/Pu'u-o-Manoa-App/Library/ScriptAssemblies/Unity.Timeline.Editor.dll
Symbol file LoadedFromMemory is not a mono symbol file
Symbol file data-0x15457f400 doesn't match image /Users/iverbrugge25/Documents/GitHub/Pu-u-o-Manoa-App/Pu'u-o-Manoa-App/Library/ScriptAssemblies/Unity.VisualScripting.Shared.Editor.dll
Symbol file LoadedFromMemory is not a mono symbol file
Symbol file data-0x138b28000 doesn't match image /Users/iverbrugge25/Documents/GitHub/Pu-u-o-Manoa-App/Pu'u-o-Manoa-App/Library/ScriptAssemblies/Unity.AdaptivePerformance.dll
Symbol file LoadedFromMemory is not a mono symbol file
Symbol file data-0x154f45600 doesn't match image /Users/iverbrugge25/Documents/GitHub/Pu-u-o-Manoa-App/Pu'u-o-Manoa-App/Library/ScriptAssemblies/Unity.CollabProxy.Editor.dll
Symbol file LoadedFromMemory is not a mono symbol file
Symbol file data-0x2b0008000 doesn't match image /Users/iverbrugge25/Documents/GitHub/Pu-u-o-Manoa-App/Pu'u-o-Manoa-App/Library/ScriptAssemblies/Unity.VisualStudio.Editor.dll
Symbol file LoadedFromMemory is not a mono symbol file
Symbol file data-0x152c14600 doesn't match image /Users/iverbrugge25/Documents/GitHub/Pu-u-o-Manoa-App/Pu'u-o-Manoa-App/Library/ScriptAssemblies/Unity.AdaptivePerformance.Simulator.Extension.dll
Symbol file LoadedFromMemory is not a mono symbol file
Symbol file data-0x154f52200 doesn't match image /Users/iverbrugge25/Documents/GitHub/Pu-u-o-Manoa-App/Pu'u-o-Manoa-App/Library/ScriptAssemblies/Unity.Notifications.iOS.dll
Symbol file LoadedFromMemory is not a mono symbol file
Symbol file data-0x128418000 doesn't match image /Users/iverbrugge25/Documents/GitHub/Pu-u-o-Manoa-App/Pu'u-o-Manoa-App/Library/ScriptAssemblies/UnityEditor.UI.dll
Symbol file LoadedFromMemory is not a mono symbol file
Symbol file data-0x159128000 doesn't match image /Users/iverbrugge25/Documents/GitHub/Pu-u-o-Manoa-App/Pu'u-o-Manoa-App/Library/ScriptAssemblies/Unity.VisualScripting.Core.dll
Symbol file LoadedFromMemory is not a mono symbol file
Symbol file data-0x154f45600 doesn't match image /Users/iverbrugge25/Documents/GitHub/Pu-u-o-Manoa-App/Pu'u-o-Manoa-App/Library/ScriptAssemblies/Unity.AdaptivePerformance.Profiler.Editor.dll
Symbol file LoadedFromMemory is not a mono symbol file
Symbol file data-0x148200000 doesn't match image /Users/iverbrugge25/Documents/GitHub/Pu-u-o-Manoa-App/Pu'u-o-Manoa-App/Library/ScriptAssemblies/UnityEngine.UI.dll
Symbol file LoadedFromMemory is not a mono symbol file
Symbol file data-0x128428000 doesn't match image /Users/iverbrugge25/Documents/GitHub/Pu-u-o-Manoa-App/Pu'u-o-Manoa-App/Library/ScriptAssemblies/Unity.VisualScripting.Core.Editor.dll
Symbol file LoadedFromMemory is not a mono symbol file
Symbol file data-0x138b28000 doesn't match image /Users/iverbrugge25/Documents/GitHub/Pu-u-o-Manoa-App/Pu'u-o-Manoa-App/Library/ScriptAssemblies/Unity.Rider.Editor.dll
Symbol file LoadedFromMemory is not a mono symbol file
Symbol file data-0x15023b000 doesn't match image /Users/iverbrugge25/Documents/GitHub/Pu-u-o-Manoa-App/Pu'u-o-Manoa-App/Library/ScriptAssemblies/Unity.AdaptivePerformance.Simulator.Editor.dll
Symbol file LoadedFromMemory is not a mono symbol file
Symbol file data-0x15457f400 doesn't match image /Users/iverbrugge25/Documents/GitHub/Pu-u-o-Manoa-App/Pu'u-o-Manoa-App/Library/ScriptAssemblies/Unity.AdaptivePerformance.UI.Editor.dll
Symbol file LoadedFromMemory is not a mono symbol file
Symbol file data-0x1480f0000 doesn't match image /Users/iverbrugge25/Documents/GitHub/Pu-u-o-Manoa-App/Pu'u-o-Manoa-App/Library/ScriptAssemblies/UnityEditor.TestRunner.dll
Symbol file LoadedFromMemory is not a mono symbol file
Symbol file data-0x1286a0000 doesn't match image /Users/iverbrugge25/Documents/GitHub/Pu-u-o-Manoa-App/Pu'u-o-Manoa-App/Library/ScriptAssemblies/Unity.VisualScripting.Flow.dll
Symbol file LoadedFromMemory is not a mono symbol file
Symbol file data-0x1381b8000 doesn't match image /Users/iverbrugge25/Documents/GitHub/Pu-u-o-Manoa-App/Pu'u-o-Manoa-App/Library/ScriptAssemblies/Unity.VisualScripting.Flow.Editor.dll
Symbol file LoadedFromMemory is not a mono symbol file
Symbol file data-0x159170000 doesn't match image /Users/iverbrugge25/Documents/GitHub/Pu-u-o-Manoa-App/Pu'u-o-Manoa-App/Library/ScriptAssemblies/Unity.Timeline.dll
Symbol file LoadedFromMemory is not a mono symbol file
Symbol file data-0x154f52200 doesn't match image /Users/iverbrugge25/Documents/GitHub/Pu-u-o-Manoa-App/Pu'u-o-Manoa-App/Library/ScriptAssemblies/Unity.VisualScripting.SettingsProvider.Editor.dll
Symbol file LoadedFromMemory is not a mono symbol file
Symbol file data-0x15023b000 doesn't match image /Users/iverbrugge25/Documents/GitHub/Pu-u-o-Manoa-App/Pu'u-o-Manoa-App/Library/ScriptAssemblies/Unity.Subsystem.Registration.dll
Symbol file LoadedFromMemory is not a mono symbol file
Symbol file data-0x128440000 doesn't match image /Users/iverbrugge25/Documents/GitHub/Pu-u-o-Manoa-App/Pu'u-o-Manoa-App/Library/ScriptAssemblies/Unity.Mobile.AndroidLogcat.Editor.dll
Symbol file LoadedFromMemory is not a mono symbol file
Symbol file data-0x138b28000 doesn't match image /Users/iverbrugge25/Documents/GitHub/Pu-u-o-Manoa-App/Pu'u-o-Manoa-App/Library/ScriptAssemblies/Unity.VisualScripting.State.Editor.dll
Symbol file LoadedFromMemory is not a mono symbol file
Symbol file data-0x128440000 doesn't match image /Users/iverbrugge25/Documents/GitHub/Pu-u-o-Manoa-App/Pu'u-o-Manoa-App/Library/ScriptAssemblies/UnityEngine.TestRunner.dll
Symbol file LoadedFromMemory is not a mono symbol file
Symbol file data-0x1286d0000 doesn't match image /Users/iverbrugge25/Documents/GitHub/Pu-u-o-Manoa-App/Pu'u-o-Manoa-App/Library/ScriptAssemblies/Unity.TextMeshPro.dll
Symbol file LoadedFromMemory is not a mono symbol file
Symbol file data-0x128440000 doesn't match image /Users/iverbrugge25/Documents/GitHub/Pu-u-o-Manoa-App/Pu'u-o-Manoa-App/Library/ScriptAssemblies/Unity.TextMeshPro.Editor.dll
Symbol file LoadedFromMemory is not a mono symbol file
Symbol file data-0x148110000 doesn't match image /Users/iverbrugge25/Documents/GitHub/Pu-u-o-Manoa-App/Pu'u-o-Manoa-App/Library/ScriptAssemblies/Unity.AdaptivePerformance.Editor.dll
Symbol file LoadedFromMemory is not a mono symbol file
Symbol file data-0x154714600 doesn't match image /Users/iverbrugge25/Documents/GitHub/Pu-u-o-Manoa-App/Pu'u-o-Manoa-App/Library/ScriptAssemblies/Unity.VisualScripting.State.dll
Symbol file LoadedFromMemory is not a mono symbol file
Symbol file data-0x15471b400 doesn't match image /Users/iverbrugge25/Documents/GitHub/Pu-u-o-Manoa-App/Pu'u-o-Manoa-App/Library/ScriptAssemblies/Unity.VSCode.Editor.dll
Symbol file LoadedFromMemory is not a mono symbol file
Symbol file data-0x15471b000 doesn't match image /Users/iverbrugge25/Documents/GitHub/Pu-u-o-Manoa-App/Pu'u-o-Manoa-App/Library/ScriptAssemblies/Unity.Notifications.Android.dll
Symbol file LoadedFromMemory is not a mono symbol file
Symbol file data-0x15471b600 doesn't match image /Users/iverbrugge25/Documents/GitHub/Pu-u-o-Manoa-App/Pu'u-o-Manoa-App/Library/ScriptAssemblies/Unity.Profiling.Core.dll
Symbol file LoadedFromMemory is not a mono symbol file
Symbol file data-0x1529a0a00 doesn't match image /Users/iverbrugge25/Documents/GitHub/Pu-u-o-Manoa-App/Pu'u-o-Manoa-App/Library/ScriptAssemblies/Unity.Notifications.Unified.dll
Symbol file LoadedFromMemory is not a mono symbol file
- Loaded All Assemblies, in  1.072 seconds
Native extension for iOS target not found
Native extension for Android target not found
Native extension for OSXStandalone target not found
[Package Manager] Server::EnsureServerProcessIsRunning -- launch failed, reason: Unity was launched with the -noUpm command-line argument
[Package Manager] UpmClient::Send -- Unable to send message (not connected to UPM process).
[Package Manager] Cannot connect to Unity Package Manager local server
Mono: successfully reloaded assembly
[Package Manager] Server::EnsureServerProcessIsRunning -- launch failed, reason: Unity was launched with the -noUpm command-line argument
[Package Manager] UpmClient::Send -- Unable to send message (not connected to UPM process).
[Package Manager] Cannot connect to Unity Package Manager local server
- Finished resetting the current domain, in  9.554 seconds
Domain Reload Profiling: 10627ms
	BeginReloadAssembly (253ms)
		ExecutionOrderSort (0ms)
		DisableScriptedObjects (3ms)
		BackupInstance (0ms)
		ReleaseScriptingObjects (0ms)
		CreateAndSetChildDomain (44ms)
	RebuildCommonClasses (34ms)
	RebuildNativeTypeToScriptingClass (9ms)
	initialDomainReloadingComplete (26ms)
	LoadAllAssembliesAndSetupDomain (750ms)
		LoadAssemblies (915ms)
		RebuildTransferFunctionScriptingTraits (0ms)
		AnalyzeDomain (17ms)
			TypeCache.Refresh (8ms)
				TypeCache.ScanAssembly (0ms)
			ScanForSourceGeneratedMonoScriptInfo (0ms)
			ResolveRequiredComponents (9ms)
	FinalizeReload (9555ms)
		ReleaseScriptCaches (0ms)
		RebuildScriptCaches (0ms)
		SetupLoadedEditorAssemblies (313ms)
			LogAssemblyErrors (0ms)
			InitializePlatformSupportModulesInManaged (40ms)
			SetLoadedEditorAssemblies (3ms)
			RefreshPlugins (0ms)
			BeforeProcessingInitializeOnLoad (36ms)
			ProcessInitializeOnLoadAttributes (221ms)
			ProcessInitializeOnLoadMethodAttributes (12ms)
			AfterProcessingInitializeOnLoad (1ms)
			EditorAssembliesLoaded (0ms)
		ExecutionOrderSort2 (0ms)
		AwakeInstancesAfterBackupRestoration (2ms)
Refreshing native plugins compatible for Editor in 36.66 ms, found 2 plugins.
Preloading 0 native plugins for Editor in 0.00 ms.
Unloading 3192 Unused Serialized files (Serialized files now loaded: 0)
Unloading 13 unused Assets / (27.8 KB). Loaded Objects now: 3676.
Memory consumption went from 208.5 MB to 208.5 MB.
Total: 4.503792 ms (FindLiveObjects: 0.205292 ms CreateObjectMapping: 0.077750 ms MarkObjects: 4.122917 ms  DeleteObjects: 0.097292 ms)

Prepare: number of updated asset objects reloaded= 0
AssetImportParameters requested are different than current active one (requested -> active):
  custom:container-demuxer-ogg: 62fdf1f143b41e24485cea50d1cbac27 -> 
  custom:video-decoder-ogg-theora: a1e56fd34408186e4bbccfd4996cb3dc -> 
  custom:CustomObjectIndexerAttribute: 9a22284fe3817be447336de3de66b15e -> 
  custom:container-demuxer-webm: 4f35f7cbe854078d1ac9338744f61a02 -> 
  custom:container-muxer-webm: aa71ff27fc2769a1b78a27578f13a17b -> 
  custom:video-decoder-webm-vp8: 9c59270c3fd7afecdb556c50c9e8de78 -> 
  custom:SearchIndexIgnoredProperties: e643bd26f0fe6173181afceb89e7c659 -> 
  custom:AudioImporter_EditorPlatform: 3918e3fc78b5a79bad01e8451be0beb8 -> 
  custom:framework-osx-AVFoundation: e770b220cccbd017edd2c1fefb359320 -> 
  custom:video-encoder-webm-vp8: eb34c28f22e8b96e1ab97ce403110664 -> 
  custom:audio-decoder-ogg-vorbis: bf7c407c2cedff20999df2af8eb42d56 -> 
  custom:audio-encoder-webm-vorbis: bf7c407c2cedff20999df2af8eb42d56 -> 
========================================================================
Received Import Request.
  Time since last request: 237.628881 seconds.
  path: Assets/Materials/Mat 1.mat
  artifactKey: Guid(696dd6a58702c4b21b3ebb532079748d) Importer(815301076,1909f56bfc062723c751e8b465ee728b)
Start importing Assets/Materials/Mat 1.mat using Guid(696dd6a58702c4b21b3ebb532079748d) Importer(815301076,1909f56bfc062723c751e8b465ee728b) [PhysX] Initialized MultithreadedTaskDispatcher with 8 workers.
[PhysX] Initialized MultithreadedTaskDispatcher with 8 workers.
 -> (artifact id: 'd0ca46a75f296fe0e81aa004ddfe21f5') in 0.556504 seconds
Number of updated asset objects reloaded before import = 0
Number of asset objects unloaded after import = 1
========================================================================
Received Import Request.
  Time since last request: 0.000127 seconds.
  path: Assets/Materials/New Physic Material.physicMaterial
  artifactKey: Guid(2adf8424b39aa4e0d93df51b69ecf47e) Importer(815301076,1909f56bfc062723c751e8b465ee728b)
Start importing Assets/Materials/New Physic Material.physicMaterial using Guid(2adf8424b39aa4e0d93df51b69ecf47e) Importer(815301076,1909f56bfc062723c751e8b465ee728b) [PhysX] Initialized MultithreadedTaskDispatcher with 8 workers.
 -> (artifact id: '37faa67eda7e2d681504c28bbead092b') in 0.002321 seconds
Number of updated asset objects reloaded before import = 0
Number of asset objects unloaded after import = 1
========================================================================
Received Prepare
Caller must complete domain reload
Begin MonoManager ReloadAssembly
Thread 0x16ba83000 may have been prematurely finalized
Symbol file data-0x1537dc000 doesn't match image /Users/iverbrugge25/Documents/GitHub/Pu-u-o-Manoa-App/Pu'u-o-Manoa-App/Library/ScriptAssemblies/Unity.Notifications.dll
Symbol file LoadedFromMemory is not a mono symbol file
Symbol file data-0x148620000 doesn't match image /Users/iverbrugge25/Documents/GitHub/Pu-u-o-Manoa-App/Pu'u-o-Manoa-App/Library/ScriptAssemblies/Unity.PlasticSCM.Editor.dll
Symbol file LoadedFromMemory is not a mono symbol file
Symbol file data-0x148720000 doesn't match image /Users/iverbrugge25/Documents/GitHub/Pu-u-o-Manoa-App/Pu'u-o-Manoa-App/Library/ScriptAssemblies/Unity.Timeline.Editor.dll
Symbol file LoadedFromMemory is not a mono symbol file
Symbol file data-0x150195200 doesn't match image /Users/iverbrugge25/Documents/GitHub/Pu-u-o-Manoa-App/Pu'u-o-Manoa-App/Library/ScriptAssemblies/Unity.VisualScripting.Shared.Editor.dll
Symbol file LoadedFromMemory is not a mono symbol file
Symbol file data-0x148228000 doesn't match image /Users/iverbrugge25/Documents/GitHub/Pu-u-o-Manoa-App/Pu'u-o-Manoa-App/Library/ScriptAssemblies/Unity.AdaptivePerformance.dll
Symbol file LoadedFromMemory is not a mono symbol file
Symbol file data-0x1537c9600 doesn't match image /Users/iverbrugge25/Documents/GitHub/Pu-u-o-Manoa-App/Pu'u-o-Manoa-App/Library/ScriptAssemblies/Unity.CollabProxy.Editor.dll
Symbol file LoadedFromMemory is not a mono symbol file
Symbol file data-0x148228000 doesn't match image /Users/iverbrugge25/Documents/GitHub/Pu-u-o-Manoa-App/Pu'u-o-Manoa-App/Library/ScriptAssemblies/Unity.VisualStudio.Editor.dll
Symbol file LoadedFromMemory is not a mono symbol file
Symbol file data-0x15022c800 doesn't match image /Users/iverbrugge25/Documents/GitHub/Pu-u-o-Manoa-App/Pu'u-o-Manoa-App/Library/ScriptAssemblies/Unity.AdaptivePerformance.Simulator.Extension.dll
Symbol file LoadedFromMemory is not a mono symbol file
Symbol file data-0x144251600 doesn't match image /Users/iverbrugge25/Documents/GitHub/Pu-u-o-Manoa-App/Pu'u-o-Manoa-App/Library/ScriptAssemblies/Unity.Notifications.iOS.dll
Symbol file LoadedFromMemory is not a mono symbol file
Symbol file data-0x138f88000 doesn't match image /Users/iverbrugge25/Documents/GitHub/Pu-u-o-Manoa-App/Pu'u-o-Manoa-App/Library/ScriptAssemblies/UnityEditor.UI.dll
Symbol file LoadedFromMemory is not a mono symbol file
Symbol file data-0x128068000 doesn't match image /Users/iverbrugge25/Documents/GitHub/Pu-u-o-Manoa-App/Pu'u-o-Manoa-App/Library/ScriptAssemblies/Unity.VisualScripting.Core.dll
Symbol file LoadedFromMemory is not a mono symbol file
Symbol file data-0x144251600 doesn't match image /Users/iverbrugge25/Documents/GitHub/Pu-u-o-Manoa-App/Pu'u-o-Manoa-App/Library/ScriptAssemblies/Unity.AdaptivePerformance.Profiler.Editor.dll
Symbol file LoadedFromMemory is not a mono symbol file
Symbol file data-0x158b28000 doesn't match image /Users/iverbrugge25/Documents/GitHub/Pu-u-o-Manoa-App/Pu'u-o-Manoa-App/Library/ScriptAssemblies/UnityEngine.UI.dll
Symbol file LoadedFromMemory is not a mono symbol file
Symbol file data-0x1390c8000 doesn't match image /Users/iverbrugge25/Documents/GitHub/Pu-u-o-Manoa-App/Pu'u-o-Manoa-App/Library/ScriptAssemblies/Unity.VisualScripting.Core.Editor.dll
Symbol file LoadedFromMemory is not a mono symbol file
Symbol file data-0x148228000 doesn't match image /Users/iverbrugge25/Documents/GitHub/Pu-u-o-Manoa-App/Pu'u-o-Manoa-App/Library/ScriptAssemblies/Unity.Rider.Editor.dll
Symbol file LoadedFromMemory is not a mono symbol file
Symbol file data-0x152d48200 doesn't match image /Users/iverbrugge25/Documents/GitHub/Pu-u-o-Manoa-App/Pu'u-o-Manoa-App/Library/ScriptAssemblies/Unity.AdaptivePerformance.Simulator.Editor.dll
Symbol file LoadedFromMemory is not a mono symbol file
Symbol file data-0x150195200 doesn't match image /Users/iverbrugge25/Documents/GitHub/Pu-u-o-Manoa-App/Pu'u-o-Manoa-App/Library/ScriptAssemblies/Unity.AdaptivePerformance.UI.Editor.dll
Symbol file LoadedFromMemory is not a mono symbol file
Symbol file data-0x158b50000 doesn't match image /Users/iverbrugge25/Documents/GitHub/Pu-u-o-Manoa-App/Pu'u-o-Manoa-App/Library/ScriptAssemblies/UnityEditor.TestRunner.dll
Symbol file LoadedFromMemory is not a mono symbol file
Symbol file data-0x2b0028000 doesn't match image /Users/iverbrugge25/Documents/GitHub/Pu-u-o-Manoa-App/Pu'u-o-Manoa-App/Library/ScriptAssemblies/Unity.VisualScripting.Flow.dll
Symbol file LoadedFromMemory is not a mono symbol file
Symbol file data-0x158b50000 doesn't match image /Users/iverbrugge25/Documents/GitHub/Pu-u-o-Manoa-App/Pu'u-o-Manoa-App/Library/ScriptAssemblies/Unity.VisualScripting.Flow.Editor.dll
Symbol file LoadedFromMemory is not a mono symbol file
Symbol file data-0x139140000 doesn't match image /Users/iverbrugge25/Documents/GitHub/Pu-u-o-Manoa-App/Pu'u-o-Manoa-App/Library/ScriptAssemblies/Unity.Timeline.dll
Symbol file LoadedFromMemory is not a mono symbol file
Symbol file data-0x152dc4800 doesn't match image /Users/iverbrugge25/Documents/GitHub/Pu-u-o-Manoa-App/Pu'u-o-Manoa-App/Library/ScriptAssemblies/Unity.VisualScripting.SettingsProvider.Editor.dll
Symbol file LoadedFromMemory is not a mono symbol file
Symbol file data-0x1537c9600 doesn't match image /Users/iverbrugge25/Documents/GitHub/Pu-u-o-Manoa-App/Pu'u-o-Manoa-App/Library/ScriptAssemblies/Unity.Subsystem.Registration.dll
Symbol file LoadedFromMemory is not a mono symbol file
Symbol file data-0x139140000 doesn't match image /Users/iverbrugge25/Documents/GitHub/Pu-u-o-Manoa-App/Pu'u-o-Manoa-App/Library/ScriptAssemblies/Unity.Mobile.AndroidLogcat.Editor.dll
Symbol file LoadedFromMemory is not a mono symbol file
Symbol file data-0x128108000 doesn't match image /Users/iverbrugge25/Documents/GitHub/Pu-u-o-Manoa-App/Pu'u-o-Manoa-App/Library/ScriptAssemblies/Unity.VisualScripting.State.Editor.dll
Symbol file LoadedFromMemory is not a mono symbol file
Symbol file data-0x128118000 doesn't match image /Users/iverbrugge25/Documents/GitHub/Pu-u-o-Manoa-App/Pu'u-o-Manoa-App/Library/ScriptAssemblies/UnityEngine.TestRunner.dll
Symbol file LoadedFromMemory is not a mono symbol file
Symbol file data-0x158b40000 doesn't match image /Users/iverbrugge25/Documents/GitHub/Pu-u-o-Manoa-App/Pu'u-o-Manoa-App/Library/ScriptAssemblies/Unity.TextMeshPro.dll
Symbol file LoadedFromMemory is not a mono symbol file
Symbol file data-0x158b28000 doesn't match image /Users/iverbrugge25/Documents/GitHub/Pu-u-o-Manoa-App/Pu'u-o-Manoa-App/Library/ScriptAssemblies/Unity.TextMeshPro.Editor.dll
Symbol file LoadedFromMemory is not a mono symbol file
Symbol file data-0x139118000 doesn't match image /Users/iverbrugge25/Documents/GitHub/Pu-u-o-Manoa-App/Pu'u-o-Manoa-App/Library/ScriptAssemblies/Unity.AdaptivePerformance.Editor.dll
Symbol file LoadedFromMemory is not a mono symbol file
Symbol file data-0x150195200 doesn't match image /Users/iverbrugge25/Documents/GitHub/Pu-u-o-Manoa-App/Pu'u-o-Manoa-App/Library/ScriptAssemblies/Unity.VisualScripting.State.dll
Symbol file LoadedFromMemory is not a mono symbol file
Symbol file data-0x144251600 doesn't match image /Users/iverbrugge25/Documents/GitHub/Pu-u-o-Manoa-App/Pu'u-o-Manoa-App/Library/ScriptAssemblies/Unity.VSCode.Editor.dll
Symbol file LoadedFromMemory is not a mono symbol file
Symbol file data-0x1537dc000 doesn't match image /Users/iverbrugge25/Documents/GitHub/Pu-u-o-Manoa-App/Pu'u-o-Manoa-App/Library/ScriptAssemblies/Unity.Notifications.Android.dll
Symbol file LoadedFromMemory is not a mono symbol file
Symbol file data-0x15030b600 doesn't match image /Users/iverbrugge25/Documents/GitHub/Pu-u-o-Manoa-App/Pu'u-o-Manoa-App/Library/ScriptAssemblies/Unity.Profiling.Core.dll
Symbol file LoadedFromMemory is not a mono symbol file
Symbol file data-0x152d48200 doesn't match image /Users/iverbrugge25/Documents/GitHub/Pu-u-o-Manoa-App/Pu'u-o-Manoa-App/Library/ScriptAssemblies/Unity.Notifications.Unified.dll
Symbol file LoadedFromMemory is not a mono symbol file
- Loaded All Assemblies, in  0.694 seconds
Native extension for iOS target not found
Native extension for Android target not found
Native extension for OSXStandalone target not found
[Package Manager] Server::EnsureServerProcessIsRunning -- launch failed, reason: Unity was launched with the -noUpm command-line argument
[Package Manager] UpmClient::Send -- Unable to send message (not connected to UPM process).
[Package Manager] Cannot connect to Unity Package Manager local server
Mono: successfully reloaded assembly
[Package Manager] Server::EnsureServerProcessIsRunning -- launch failed, reason: Unity was launched with the -noUpm command-line argument
[Package Manager] UpmClient::Send -- Unable to send message (not connected to UPM process).
[Package Manager] Cannot connect to Unity Package Manager local server
- Finished resetting the current domain, in  1.575 seconds
Domain Reload Profiling: 2270ms
	BeginReloadAssembly (245ms)
		ExecutionOrderSort (0ms)
		DisableScriptedObjects (3ms)
		BackupInstance (0ms)
		ReleaseScriptingObjects (0ms)
		CreateAndSetChildDomain (36ms)
	RebuildCommonClasses (30ms)
	RebuildNativeTypeToScriptingClass (10ms)
	initialDomainReloadingComplete (29ms)
	LoadAllAssembliesAndSetupDomain (381ms)
		LoadAssemblies (546ms)
		RebuildTransferFunctionScriptingTraits (0ms)
		AnalyzeDomain (18ms)
			TypeCache.Refresh (9ms)
				TypeCache.ScanAssembly (0ms)
			ScanForSourceGeneratedMonoScriptInfo (0ms)
			ResolveRequiredComponents (8ms)
	FinalizeReload (1575ms)
		ReleaseScriptCaches (0ms)
		RebuildScriptCaches (0ms)
		SetupLoadedEditorAssemblies (333ms)
			LogAssemblyErrors (0ms)
			InitializePlatformSupportModulesInManaged (34ms)
			SetLoadedEditorAssemblies (3ms)
			RefreshPlugins (0ms)
			BeforeProcessingInitializeOnLoad (41ms)
			ProcessInitializeOnLoadAttributes (241ms)
			ProcessInitializeOnLoadMethodAttributes (14ms)
			AfterProcessingInitializeOnLoad (1ms)
			EditorAssembliesLoaded (0ms)
		ExecutionOrderSort2 (0ms)
		AwakeInstancesAfterBackupRestoration (3ms)
Refreshing native plugins compatible for Editor in 17.52 ms, found 2 plugins.
Preloading 0 native plugins for Editor in 0.00 ms.
Unloading 3192 Unused Serialized files (Serialized files now loaded: 0)
Unloading 13 unused Assets / (28.0 KB). Loaded Objects now: 3719.
Memory consumption went from 213.3 MB to 213.3 MB.
Total: 2.966500 ms (FindLiveObjects: 0.174417 ms CreateObjectMapping: 0.045208 ms MarkObjects: 2.703250 ms  DeleteObjects: 0.043083 ms)

Prepare: number of updated asset objects reloaded= 0
AssetImportParameters requested are different than current active one (requested -> active):
  custom:container-demuxer-ogg: 62fdf1f143b41e24485cea50d1cbac27 -> 
  custom:video-decoder-ogg-theora: a1e56fd34408186e4bbccfd4996cb3dc -> 
  custom:CustomObjectIndexerAttribute: 9a22284fe3817be447336de3de66b15e -> 
  custom:container-demuxer-webm: 4f35f7cbe854078d1ac9338744f61a02 -> 
  custom:container-muxer-webm: aa71ff27fc2769a1b78a27578f13a17b -> 
  custom:video-decoder-webm-vp8: 9c59270c3fd7afecdb556c50c9e8de78 -> 
  custom:SearchIndexIgnoredProperties: e643bd26f0fe6173181afceb89e7c659 -> 
  custom:AudioImporter_EditorPlatform: 3918e3fc78b5a79bad01e8451be0beb8 -> 
  custom:framework-osx-AVFoundation: e770b220cccbd017edd2c1fefb359320 -> 
  custom:video-encoder-webm-vp8: eb34c28f22e8b96e1ab97ce403110664 -> 
  custom:audio-decoder-ogg-vorbis: bf7c407c2cedff20999df2af8eb42d56 -> 
  custom:audio-encoder-webm-vorbis: bf7c407c2cedff20999df2af8eb42d56 -> 
========================================================================
Received Prepare
Caller must complete domain reload
Begin MonoManager ReloadAssembly
Thread 0x17ff47000 may have been prematurely finalized
Symbol file data-0x150f2e000 doesn't match image /Users/iverbrugge25/Documents/GitHub/Pu-u-o-Manoa-App/Pu'u-o-Manoa-App/Library/ScriptAssemblies/Unity.Notifications.dll
Symbol file LoadedFromMemory is not a mono symbol file
Symbol file data-0x139400000 doesn't match image /Users/iverbrugge25/Documents/GitHub/Pu-u-o-Manoa-App/Pu'u-o-Manoa-App/Library/ScriptAssemblies/Unity.PlasticSCM.Editor.dll
Symbol file LoadedFromMemory is not a mono symbol file
Symbol file data-0x139448000 doesn't match image /Users/iverbrugge25/Documents/GitHub/Pu-u-o-Manoa-App/Pu'u-o-Manoa-App/Library/ScriptAssemblies/Unity.Timeline.Editor.dll
Symbol file LoadedFromMemory is not a mono symbol file
Symbol file data-0x150f34800 doesn't match image /Users/iverbrugge25/Documents/GitHub/Pu-u-o-Manoa-App/Pu'u-o-Manoa-App/Library/ScriptAssemblies/Unity.VisualScripting.Shared.Editor.dll
Symbol file LoadedFromMemory is not a mono symbol file
Symbol file data-0x139400000 doesn't match image /Users/iverbrugge25/Documents/GitHub/Pu-u-o-Manoa-App/Pu'u-o-Manoa-App/Library/ScriptAssemblies/Unity.AdaptivePerformance.dll
Symbol file LoadedFromMemory is not a mono symbol file
Symbol file data-0x1537f7200 doesn't match image /Users/iverbrugge25/Documents/GitHub/Pu-u-o-Manoa-App/Pu'u-o-Manoa-App/Library/ScriptAssemblies/Unity.CollabProxy.Editor.dll
Symbol file LoadedFromMemory is not a mono symbol file
Symbol file data-0x139400000 doesn't match image /Users/iverbrugge25/Documents/GitHub/Pu-u-o-Manoa-App/Pu'u-o-Manoa-App/Library/ScriptAssemblies/Unity.VisualStudio.Editor.dll
Symbol file LoadedFromMemory is not a mono symbol file
Symbol file data-0x150101200 doesn't match image /Users/iverbrugge25/Documents/GitHub/Pu-u-o-Manoa-App/Pu'u-o-Manoa-App/Library/ScriptAssemblies/Unity.AdaptivePerformance.Simulator.Extension.dll
Symbol file LoadedFromMemory is not a mono symbol file
Symbol file data-0x1500c2e00 doesn't match image /Users/iverbrugge25/Documents/GitHub/Pu-u-o-Manoa-App/Pu'u-o-Manoa-App/Library/ScriptAssemblies/Unity.Notifications.iOS.dll
Symbol file LoadedFromMemory is not a mono symbol file
Symbol file data-0x158b58000 doesn't match image /Users/iverbrugge25/Documents/GitHub/Pu-u-o-Manoa-App/Pu'u-o-Manoa-App/Library/ScriptAssemblies/UnityEditor.UI.dll
Symbol file LoadedFromMemory is not a mono symbol file
Symbol file data-0x128090000 doesn't match image /Users/iverbrugge25/Documents/GitHub/Pu-u-o-Manoa-App/Pu'u-o-Manoa-App/Library/ScriptAssemblies/Unity.VisualScripting.Core.dll
Symbol file LoadedFromMemory is not a mono symbol file
Symbol file data-0x144236600 doesn't match image /Users/iverbrugge25/Documents/GitHub/Pu-u-o-Manoa-App/Pu'u-o-Manoa-App/Library/ScriptAssemblies/Unity.AdaptivePerformance.Profiler.Editor.dll
Symbol file LoadedFromMemory is not a mono symbol file
Symbol file data-0x148390000 doesn't match image /Users/iverbrugge25/Documents/GitHub/Pu-u-o-Manoa-App/Pu'u-o-Manoa-App/Library/ScriptAssemblies/UnityEngine.UI.dll
Symbol file LoadedFromMemory is not a mono symbol file
Symbol file data-0x1280d8000 doesn't match image /Users/iverbrugge25/Documents/GitHub/Pu-u-o-Manoa-App/Pu'u-o-Manoa-App/Library/ScriptAssemblies/Unity.VisualScripting.Core.Editor.dll
Symbol file LoadedFromMemory is not a mono symbol file
Symbol file data-0x128090000 doesn't match image /Users/iverbrugge25/Documents/GitHub/Pu-u-o-Manoa-App/Pu'u-o-Manoa-App/Library/ScriptAssemblies/Unity.Rider.Editor.dll
Symbol file LoadedFromMemory is not a mono symbol file
Symbol file data-0x1537f7200 doesn't match image /Users/iverbrugge25/Documents/GitHub/Pu-u-o-Manoa-App/Pu'u-o-Manoa-App/Library/ScriptAssemblies/Unity.AdaptivePerformance.Simulator.Editor.dll
Symbol file LoadedFromMemory is not a mono symbol file
Symbol file data-0x150101200 doesn't match image /Users/iverbrugge25/Documents/GitHub/Pu-u-o-Manoa-App/Pu'u-o-Manoa-App/Library/ScriptAssemblies/Unity.AdaptivePerformance.UI.Editor.dll
Symbol file LoadedFromMemory is not a mono symbol file
Symbol file data-0x158d50000 doesn't match image /Users/iverbrugge25/Documents/GitHub/Pu-u-o-Manoa-App/Pu'u-o-Manoa-App/Library/ScriptAssemblies/UnityEditor.TestRunner.dll
Symbol file LoadedFromMemory is not a mono symbol file
Symbol file data-0x1483b8000 doesn't match image /Users/iverbrugge25/Documents/GitHub/Pu-u-o-Manoa-App/Pu'u-o-Manoa-App/Library/ScriptAssemblies/Unity.VisualScripting.Flow.dll
Symbol file LoadedFromMemory is not a mono symbol file
Symbol file data-0x158d50000 doesn't match image /Users/iverbrugge25/Documents/GitHub/Pu-u-o-Manoa-App/Pu'u-o-Manoa-App/Library/ScriptAssemblies/Unity.VisualScripting.Flow.Editor.dll
Symbol file LoadedFromMemory is not a mono symbol file
Symbol file data-0x1394a8000 doesn't match image /Users/iverbrugge25/Documents/GitHub/Pu-u-o-Manoa-App/Pu'u-o-Manoa-App/Library/ScriptAssemblies/Unity.Timeline.dll
Symbol file LoadedFromMemory is not a mono symbol file
Symbol file data-0x14423e600 doesn't match image /Users/iverbrugge25/Documents/GitHub/Pu-u-o-Manoa-App/Pu'u-o-Manoa-App/Library/ScriptAssemblies/Unity.VisualScripting.SettingsProvider.Editor.dll
Symbol file LoadedFromMemory is not a mono symbol file
Symbol file data-0x1502ef600 doesn't match image /Users/iverbrugge25/Documents/GitHub/Pu-u-o-Manoa-App/Pu'u-o-Manoa-App/Library/ScriptAssemblies/Unity.Subsystem.Registration.dll
Symbol file LoadedFromMemory is not a mono symbol file
Symbol file data-0x158b58000 doesn't match image /Users/iverbrugge25/Documents/GitHub/Pu-u-o-Manoa-App/Pu'u-o-Manoa-App/Library/ScriptAssemblies/Unity.Mobile.AndroidLogcat.Editor.dll
Symbol file LoadedFromMemory is not a mono symbol file
Symbol file data-0x139400000 doesn't match image /Users/iverbrugge25/Documents/GitHub/Pu-u-o-Manoa-App/Pu'u-o-Manoa-App/Library/ScriptAssemblies/Unity.VisualScripting.State.Editor.dll
Symbol file LoadedFromMemory is not a mono symbol file
Symbol file data-0x1280c0000 doesn't match image /Users/iverbrugge25/Documents/GitHub/Pu-u-o-Manoa-App/Pu'u-o-Manoa-App/Library/ScriptAssemblies/UnityEngine.TestRunner.dll
Symbol file LoadedFromMemory is not a mono symbol file
Symbol file data-0x1394a8000 doesn't match image /Users/iverbrugge25/Documents/GitHub/Pu-u-o-Manoa-App/Pu'u-o-Manoa-App/Library/ScriptAssemblies/Unity.TextMeshPro.dll
Symbol file LoadedFromMemory is not a mono symbol file
Symbol file data-0x148390000 doesn't match image /Users/iverbrugge25/Documents/GitHub/Pu-u-o-Manoa-App/Pu'u-o-Manoa-App/Library/ScriptAssemblies/Unity.TextMeshPro.Editor.dll
Symbol file LoadedFromMemory is not a mono symbol file
Symbol file data-0x139400000 doesn't match image /Users/iverbrugge25/Documents/GitHub/Pu-u-o-Manoa-App/Pu'u-o-Manoa-App/Library/ScriptAssemblies/Unity.AdaptivePerformance.Editor.dll
Symbol file LoadedFromMemory is not a mono symbol file
Symbol file data-0x150f32800 doesn't match image /Users/iverbrugge25/Documents/GitHub/Pu-u-o-Manoa-App/Pu'u-o-Manoa-App/Library/ScriptAssemblies/Unity.VisualScripting.State.dll
Symbol file LoadedFromMemory is not a mono symbol file
Symbol file data-0x150f39600 doesn't match image /Users/iverbrugge25/Documents/GitHub/Pu-u-o-Manoa-App/Pu'u-o-Manoa-App/Library/ScriptAssemblies/Unity.VSCode.Editor.dll
Symbol file LoadedFromMemory is not a mono symbol file
Symbol file data-0x150f39200 doesn't match image /Users/iverbrugge25/Documents/GitHub/Pu-u-o-Manoa-App/Pu'u-o-Manoa-App/Library/ScriptAssemblies/Unity.Notifications.Android.dll
Symbol file LoadedFromMemory is not a mono symbol file
Symbol file data-0x1537f7200 doesn't match image /Users/iverbrugge25/Documents/GitHub/Pu-u-o-Manoa-App/Pu'u-o-Manoa-App/Library/ScriptAssemblies/Unity.Profiling.Core.dll
Symbol file LoadedFromMemory is not a mono symbol file
Symbol file data-0x150f39800 doesn't match image /Users/iverbrugge25/Documents/GitHub/Pu-u-o-Manoa-App/Pu'u-o-Manoa-App/Library/ScriptAssemblies/Unity.Notifications.Unified.dll
Symbol file LoadedFromMemory is not a mono symbol file
- Loaded All Assemblies, in  0.667 seconds
Native extension for iOS target not found
Native extension for Android target not found
Native extension for OSXStandalone target not found
[Package Manager] Server::EnsureServerProcessIsRunning -- launch failed, reason: Unity was launched with the -noUpm command-line argument
[Package Manager] UpmClient::Send -- Unable to send message (not connected to UPM process).
[Package Manager] Cannot connect to Unity Package Manager local server
Mono: successfully reloaded assembly
[Package Manager] Server::EnsureServerProcessIsRunning -- launch failed, reason: Unity was launched with the -noUpm command-line argument
[Package Manager] UpmClient::Send -- Unable to send message (not connected to UPM process).
[Package Manager] Cannot connect to Unity Package Manager local server
- Finished resetting the current domain, in  1.489 seconds
Domain Reload Profiling: 2157ms
	BeginReloadAssembly (209ms)
		ExecutionOrderSort (0ms)
		DisableScriptedObjects (3ms)
		BackupInstance (0ms)
		ReleaseScriptingObjects (0ms)
		CreateAndSetChildDomain (37ms)
	RebuildCommonClasses (44ms)
	RebuildNativeTypeToScriptingClass (9ms)
	initialDomainReloadingComplete (22ms)
	LoadAllAssembliesAndSetupDomain (382ms)
		LoadAssemblies (512ms)
		RebuildTransferFunctionScriptingTraits (0ms)
		AnalyzeDomain (14ms)
			TypeCache.Refresh (10ms)
				TypeCache.ScanAssembly (0ms)
			ScanForSourceGeneratedMonoScriptInfo (0ms)
			ResolveRequiredComponents (4ms)
	FinalizeReload (1490ms)
		ReleaseScriptCaches (0ms)
		RebuildScriptCaches (0ms)
		SetupLoadedEditorAssemblies (316ms)
			LogAssemblyErrors (0ms)
			InitializePlatformSupportModulesInManaged (37ms)
			SetLoadedEditorAssemblies (3ms)
			RefreshPlugins (0ms)
			BeforeProcessingInitializeOnLoad (37ms)
			ProcessInitializeOnLoadAttributes (224ms)
			ProcessInitializeOnLoadMethodAttributes (13ms)
			AfterProcessingInitializeOnLoad (1ms)
			EditorAssembliesLoaded (0ms)
		ExecutionOrderSort2 (0ms)
		AwakeInstancesAfterBackupRestoration (3ms)
Refreshing native plugins compatible for Editor in 13.87 ms, found 2 plugins.
Preloading 0 native plugins for Editor in 0.00 ms.
Unloading 3193 Unused Serialized files (Serialized files now loaded: 0)
Unloading 13 unused Assets / (27.9 KB). Loaded Objects now: 3722.
Memory consumption went from 213.7 MB to 213.7 MB.
Total: 2.889291 ms (FindLiveObjects: 0.154792 ms CreateObjectMapping: 0.042125 ms MarkObjects: 2.653875 ms  DeleteObjects: 0.037792 ms)

Prepare: number of updated asset objects reloaded= 0
AssetImportParameters requested are different than current active one (requested -> active):
  custom:container-demuxer-ogg: 62fdf1f143b41e24485cea50d1cbac27 -> 
  custom:video-decoder-ogg-theora: a1e56fd34408186e4bbccfd4996cb3dc -> 
  custom:CustomObjectIndexerAttribute: 9a22284fe3817be447336de3de66b15e -> 
  custom:container-demuxer-webm: 4f35f7cbe854078d1ac9338744f61a02 -> 
  custom:container-muxer-webm: aa71ff27fc2769a1b78a27578f13a17b -> 
  custom:video-decoder-webm-vp8: 9c59270c3fd7afecdb556c50c9e8de78 -> 
  custom:SearchIndexIgnoredProperties: e643bd26f0fe6173181afceb89e7c659 -> 
  custom:AudioImporter_EditorPlatform: 3918e3fc78b5a79bad01e8451be0beb8 -> 
  custom:framework-osx-AVFoundation: e770b220cccbd017edd2c1fefb359320 -> 
  custom:video-encoder-webm-vp8: eb34c28f22e8b96e1ab97ce403110664 -> 
  custom:audio-decoder-ogg-vorbis: bf7c407c2cedff20999df2af8eb42d56 -> 
  custom:audio-encoder-webm-vorbis: bf7c407c2cedff20999df2af8eb42d56 -> 
========================================================================
Received Prepare
Caller must complete domain reload
Begin MonoManager ReloadAssembly
Thread 0x17ff47000 may have been prematurely finalized
Symbol file data-0x150183000 doesn't match image /Users/iverbrugge25/Documents/GitHub/Pu-u-o-Manoa-App/Pu'u-o-Manoa-App/Library/ScriptAssemblies/Unity.Notifications.dll
Symbol file LoadedFromMemory is not a mono symbol file
Symbol file data-0x1587c8000 doesn't match image /Users/iverbrugge25/Documents/GitHub/Pu-u-o-Manoa-App/Pu'u-o-Manoa-App/Library/ScriptAssemblies/Unity.PlasticSCM.Editor.dll
Symbol file LoadedFromMemory is not a mono symbol file
Symbol file data-0x1588c8000 doesn't match image /Users/iverbrugge25/Documents/GitHub/Pu-u-o-Manoa-App/Pu'u-o-Manoa-App/Library/ScriptAssemblies/Unity.Timeline.Editor.dll
Symbol file LoadedFromMemory is not a mono symbol file
Symbol file data-0x150183000 doesn't match image /Users/iverbrugge25/Documents/GitHub/Pu-u-o-Manoa-App/Pu'u-o-Manoa-App/Library/ScriptAssemblies/Unity.VisualScripting.Shared.Editor.dll
Symbol file LoadedFromMemory is not a mono symbol file
Symbol file data-0x128728000 doesn't match image /Users/iverbrugge25/Documents/GitHub/Pu-u-o-Manoa-App/Pu'u-o-Manoa-App/Library/ScriptAssemblies/Unity.AdaptivePerformance.dll
Symbol file LoadedFromMemory is not a mono symbol file
Symbol file data-0x144280400 doesn't match image /Users/iverbrugge25/Documents/GitHub/Pu-u-o-Manoa-App/Pu'u-o-Manoa-App/Library/ScriptAssemblies/Unity.CollabProxy.Editor.dll
Symbol file LoadedFromMemory is not a mono symbol file
Symbol file data-0x128728000 doesn't match image /Users/iverbrugge25/Documents/GitHub/Pu-u-o-Manoa-App/Pu'u-o-Manoa-App/Library/ScriptAssemblies/Unity.VisualStudio.Editor.dll
Symbol file LoadedFromMemory is not a mono symbol file
Symbol file data-0x144289800 doesn't match image /Users/iverbrugge25/Documents/GitHub/Pu-u-o-Manoa-App/Pu'u-o-Manoa-App/Library/ScriptAssemblies/Unity.AdaptivePerformance.Simulator.Extension.dll
Symbol file LoadedFromMemory is not a mono symbol file
Symbol file data-0x144291800 doesn't match image /Users/iverbrugge25/Documents/GitHub/Pu-u-o-Manoa-App/Pu'u-o-Manoa-App/Library/ScriptAssemblies/Unity.Notifications.iOS.dll
Symbol file LoadedFromMemory is not a mono symbol file
Symbol file data-0x138ed0000 doesn't match image /Users/iverbrugge25/Documents/GitHub/Pu-u-o-Manoa-App/Pu'u-o-Manoa-App/Library/ScriptAssemblies/UnityEditor.UI.dll
Symbol file LoadedFromMemory is not a mono symbol file
Symbol file data-0x1484a0000 doesn't match image /Users/iverbrugge25/Documents/GitHub/Pu-u-o-Manoa-App/Pu'u-o-Manoa-App/Library/ScriptAssemblies/Unity.VisualScripting.Core.dll
Symbol file LoadedFromMemory is not a mono symbol file
Symbol file data-0x144280400 doesn't match image /Users/iverbrugge25/Documents/GitHub/Pu-u-o-Manoa-App/Pu'u-o-Manoa-App/Library/ScriptAssemblies/Unity.AdaptivePerformance.Profiler.Editor.dll
Symbol file LoadedFromMemory is not a mono symbol file
Symbol file data-0x148460000 doesn't match image /Users/iverbrugge25/Documents/GitHub/Pu-u-o-Manoa-App/Pu'u-o-Manoa-App/Library/ScriptAssemblies/UnityEngine.UI.dll
Symbol file LoadedFromMemory is not a mono symbol file
Symbol file data-0x138ee0000 doesn't match image /Users/iverbrugge25/Documents/GitHub/Pu-u-o-Manoa-App/Pu'u-o-Manoa-App/Library/ScriptAssemblies/Unity.VisualScripting.Core.Editor.dll
Symbol file LoadedFromMemory is not a mono symbol file
Symbol file data-0x128728000 doesn't match image /Users/iverbrugge25/Documents/GitHub/Pu-u-o-Manoa-App/Pu'u-o-Manoa-App/Library/ScriptAssemblies/Unity.Rider.Editor.dll
Symbol file LoadedFromMemory is not a mono symbol file
Symbol file data-0x144291800 doesn't match image /Users/iverbrugge25/Documents/GitHub/Pu-u-o-Manoa-App/Pu'u-o-Manoa-App/Library/ScriptAssemblies/Unity.AdaptivePerformance.Simulator.Editor.dll
Symbol file LoadedFromMemory is not a mono symbol file
Symbol file data-0x144280400 doesn't match image /Users/iverbrugge25/Documents/GitHub/Pu-u-o-Manoa-App/Pu'u-o-Manoa-App/Library/ScriptAssemblies/Unity.AdaptivePerformance.UI.Editor.dll
Symbol file LoadedFromMemory is not a mono symbol file
Symbol file data-0x138f58000 doesn't match image /Users/iverbrugge25/Documents/GitHub/Pu-u-o-Manoa-App/Pu'u-o-Manoa-App/Library/ScriptAssemblies/UnityEditor.TestRunner.dll
Symbol file LoadedFromMemory is not a mono symbol file
Symbol file data-0x128890000 doesn't match image /Users/iverbrugge25/Documents/GitHub/Pu-u-o-Manoa-App/Pu'u-o-Manoa-App/Library/ScriptAssemblies/Unity.VisualScripting.Flow.dll
Symbol file LoadedFromMemory is not a mono symbol file
Symbol file data-0x128918000 doesn't match image /Users/iverbrugge25/Documents/GitHub/Pu-u-o-Manoa-App/Pu'u-o-Manoa-App/Library/ScriptAssemblies/Unity.VisualScripting.Flow.Editor.dll
Symbol file LoadedFromMemory is not a mono symbol file
Symbol file data-0x148520000 doesn't match image /Users/iverbrugge25/Documents/GitHub/Pu-u-o-Manoa-App/Pu'u-o-Manoa-App/Library/ScriptAssemblies/Unity.Timeline.dll
Symbol file LoadedFromMemory is not a mono symbol file
Symbol file data-0x150f45600 doesn't match image /Users/iverbrugge25/Documents/GitHub/Pu-u-o-Manoa-App/Pu'u-o-Manoa-App/Library/ScriptAssemblies/Unity.VisualScripting.SettingsProvider.Editor.dll
Symbol file LoadedFromMemory is not a mono symbol file
Symbol file data-0x150f4aa00 doesn't match image /Users/iverbrugge25/Documents/GitHub/Pu-u-o-Manoa-App/Pu'u-o-Manoa-App/Library/ScriptAssemblies/Unity.Subsystem.Registration.dll
Symbol file LoadedFromMemory is not a mono symbol file
Symbol file data-0x1589b8000 doesn't match image /Users/iverbrugge25/Documents/GitHub/Pu-u-o-Manoa-App/Pu'u-o-Manoa-App/Library/ScriptAssemblies/Unity.Mobile.AndroidLogcat.Editor.dll
Symbol file LoadedFromMemory is not a mono symbol file
Symbol file data-0x138f78000 doesn't match image /Users/iverbrugge25/Documents/GitHub/Pu-u-o-Manoa-App/Pu'u-o-Manoa-App/Library/ScriptAssemblies/Unity.VisualScripting.State.Editor.dll
Symbol file LoadedFromMemory is not a mono symbol file
Symbol file data-0x1589b8000 doesn't match image /Users/iverbrugge25/Documents/GitHub/Pu-u-o-Manoa-App/Pu'u-o-Manoa-App/Library/ScriptAssemblies/UnityEngine.TestRunner.dll
Symbol file LoadedFromMemory is not a mono symbol file
Symbol file data-0x1485d0000 doesn't match image /Users/iverbrugge25/Documents/GitHub/Pu-u-o-Manoa-App/Pu'u-o-Manoa-App/Library/ScriptAssemblies/Unity.TextMeshPro.dll
Symbol file LoadedFromMemory is not a mono symbol file
Symbol file data-0x1589b8000 doesn't match image /Users/iverbrugge25/Documents/GitHub/Pu-u-o-Manoa-App/Pu'u-o-Manoa-App/Library/ScriptAssemblies/Unity.TextMeshPro.Editor.dll
Symbol file LoadedFromMemory is not a mono symbol file
Symbol file data-0x138f78000 doesn't match image /Users/iverbrugge25/Documents/GitHub/Pu-u-o-Manoa-App/Pu'u-o-Manoa-App/Library/ScriptAssemblies/Unity.AdaptivePerformance.Editor.dll
Symbol file LoadedFromMemory is not a mono symbol file
Symbol file data-0x153677800 doesn't match image /Users/iverbrugge25/Documents/GitHub/Pu-u-o-Manoa-App/Pu'u-o-Manoa-App/Library/ScriptAssemblies/Unity.VisualScripting.State.dll
Symbol file LoadedFromMemory is not a mono symbol file
Symbol file data-0x150f4d400 doesn't match image /Users/iverbrugge25/Documents/GitHub/Pu-u-o-Manoa-App/Pu'u-o-Manoa-App/Library/ScriptAssemblies/Unity.VSCode.Editor.dll
Symbol file LoadedFromMemory is not a mono symbol file
Symbol file data-0x15018da00 doesn't match image /Users/iverbrugge25/Documents/GitHub/Pu-u-o-Manoa-App/Pu'u-o-Manoa-App/Library/ScriptAssemblies/Unity.Notifications.Android.dll
Symbol file LoadedFromMemory is not a mono symbol file
Symbol file data-0x150183000 doesn't match image /Users/iverbrugge25/Documents/GitHub/Pu-u-o-Manoa-App/Pu'u-o-Manoa-App/Library/ScriptAssemblies/Unity.Profiling.Core.dll
Symbol file LoadedFromMemory is not a mono symbol file
Symbol file data-0x144291800 doesn't match image /Users/iverbrugge25/Documents/GitHub/Pu-u-o-Manoa-App/Pu'u-o-Manoa-App/Library/ScriptAssemblies/Unity.Notifications.Unified.dll
Symbol file LoadedFromMemory is not a mono symbol file
- Loaded All Assemblies, in  0.678 seconds
Native extension for iOS target not found
Native extension for Android target not found
Native extension for OSXStandalone target not found
[Package Manager] Server::EnsureServerProcessIsRunning -- launch failed, reason: Unity was launched with the -noUpm command-line argument
[Package Manager] UpmClient::Send -- Unable to send message (not connected to UPM process).
[Package Manager] Cannot connect to Unity Package Manager local server
Mono: successfully reloaded assembly
[Package Manager] Server::EnsureServerProcessIsRunning -- launch failed, reason: Unity was launched with the -noUpm command-line argument
[Package Manager] UpmClient::Send -- Unable to send message (not connected to UPM process).
[Package Manager] Cannot connect to Unity Package Manager local server
- Finished resetting the current domain, in  1.454 seconds
Domain Reload Profiling: 2132ms
	BeginReloadAssembly (244ms)
		ExecutionOrderSort (0ms)
		DisableScriptedObjects (3ms)
		BackupInstance (0ms)
		ReleaseScriptingObjects (0ms)
		CreateAndSetChildDomain (38ms)
	RebuildCommonClasses (32ms)
	RebuildNativeTypeToScriptingClass (9ms)
	initialDomainReloadingComplete (20ms)
	LoadAllAssembliesAndSetupDomain (372ms)
		LoadAssemblies (540ms)
		RebuildTransferFunctionScriptingTraits (0ms)
		AnalyzeDomain (13ms)
			TypeCache.Refresh (8ms)
				TypeCache.ScanAssembly (0ms)
			ScanForSourceGeneratedMonoScriptInfo (0ms)
			ResolveRequiredComponents (5ms)
	FinalizeReload (1454ms)
		ReleaseScriptCaches (0ms)
		RebuildScriptCaches (0ms)
		SetupLoadedEditorAssemblies (331ms)
			LogAssemblyErrors (0ms)
			InitializePlatformSupportModulesInManaged (35ms)
			SetLoadedEditorAssemblies (3ms)
			RefreshPlugins (0ms)
			BeforeProcessingInitializeOnLoad (38ms)
			ProcessInitializeOnLoadAttributes (238ms)
			ProcessInitializeOnLoadMethodAttributes (16ms)
			AfterProcessingInitializeOnLoad (1ms)
			EditorAssembliesLoaded (0ms)
		ExecutionOrderSort2 (0ms)
		AwakeInstancesAfterBackupRestoration (3ms)
Refreshing native plugins compatible for Editor in 14.65 ms, found 2 plugins.
Preloading 0 native plugins for Editor in 0.00 ms.
Unloading 3193 Unused Serialized files (Serialized files now loaded: 0)
Unloading 13 unused Assets / (27.9 KB). Loaded Objects now: 3725.
Memory consumption went from 214.0 MB to 214.0 MB.
Total: 3.316042 ms (FindLiveObjects: 0.167417 ms CreateObjectMapping: 0.039625 ms MarkObjects: 3.063666 ms  DeleteObjects: 0.044917 ms)

Prepare: number of updated asset objects reloaded= 0
AssetImportParameters requested are different than current active one (requested -> active):
  custom:container-demuxer-ogg: 62fdf1f143b41e24485cea50d1cbac27 -> 
  custom:video-decoder-ogg-theora: a1e56fd34408186e4bbccfd4996cb3dc -> 
  custom:CustomObjectIndexerAttribute: 9a22284fe3817be447336de3de66b15e -> 
  custom:container-demuxer-webm: 4f35f7cbe854078d1ac9338744f61a02 -> 
  custom:container-muxer-webm: aa71ff27fc2769a1b78a27578f13a17b -> 
  custom:video-decoder-webm-vp8: 9c59270c3fd7afecdb556c50c9e8de78 -> 
  custom:SearchIndexIgnoredProperties: e643bd26f0fe6173181afceb89e7c659 -> 
  custom:AudioImporter_EditorPlatform: 3918e3fc78b5a79bad01e8451be0beb8 -> 
  custom:framework-osx-AVFoundation: e770b220cccbd017edd2c1fefb359320 -> 
  custom:video-encoder-webm-vp8: eb34c28f22e8b96e1ab97ce403110664 -> 
  custom:audio-decoder-ogg-vorbis: bf7c407c2cedff20999df2af8eb42d56 -> 
  custom:audio-encoder-webm-vorbis: bf7c407c2cedff20999df2af8eb42d56 -> 
========================================================================
Received Import Request.
  Time since last request: 495.223650 seconds.
  path: Assets/Materials/Mat 1.mat
  artifactKey: Guid(696dd6a58702c4b21b3ebb532079748d) Importer(815301076,1909f56bfc062723c751e8b465ee728b)
Start importing Assets/Materials/Mat 1.mat using Guid(696dd6a58702c4b21b3ebb532079748d) Importer(815301076,1909f56bfc062723c751e8b465ee728b) [PhysX] Initialized MultithreadedTaskDispatcher with 8 workers.
[PhysX] Initialized MultithreadedTaskDispatcher with 8 workers.
 -> (artifact id: '9c0388c4ebdc0fe4851f606bf8183b0c') in 0.095470 seconds
Number of updated asset objects reloaded before import = 0
Number of asset objects unloaded after import = 1
========================================================================
Received Import Request.
  Time since last request: 42.107356 seconds.
  path: Assets/Tree.prefab
  artifactKey: Guid(e2f4940a5af2545f9bcc5b1c7b024a49) Importer(815301076,1909f56bfc062723c751e8b465ee728b)
Start importing Assets/Tree.prefab using Guid(e2f4940a5af2545f9bcc5b1c7b024a49) Importer(815301076,1909f56bfc062723c751e8b465ee728b) [PhysX] Initialized MultithreadedTaskDispatcher with 8 workers.
[PhysX] Initialized MultithreadedTaskDispatcher with 8 workers.
[PhysX] Initialized MultithreadedTaskDispatcher with 8 workers.
[PhysX] Initialized MultithreadedTaskDispatcher with 8 workers.
[PhysX] Initialized MultithreadedTaskDispatcher with 8 workers.
 -> (artifact id: 'e8f6ae2faa501627ca15ec067cc8d5eb') in 1.070490 seconds
Number of updated asset objects reloaded before import = 0
Number of asset objects unloaded after import = 15
