Unity Editor version:    2022.3.46f1 (8e9b8558c41a)
Branch:                  2022.3/staging
Build type:              Release
Batch mode:              YES
macOS version:           Version 12.7.6 (Build 21H1320)
Darwin version:          21.6.0
Architecture:            arm64
Running under Rosetta:   NO
Available memory:        8192 MB
Using pre-set license
Pro License: YES

COMMAND LINE ARGUMENTS:
/Applications/Unity/Hub/Editor/2022.3.46f1/Unity.app/Contents/MacOS/Unity
-adb2
-batchMode
-noUpm
-name
AssetImportWorker5
-projectPath
/Users/iverbrugge25/Documents/GitHub/Pu-u-o-Manoa-App/Pu'u-o-Manoa-App
-logFile
Logs/AssetImportWorker5.log
-srvPort
56893
Successfully changed project path to: /Users/iverbrugge25/Documents/GitHub/Pu-u-o-Manoa-App/Pu'u-o-Manoa-App
/Users/iverbrugge25/Documents/GitHub/Pu-u-o-Manoa-App/Pu'u-o-Manoa-App
[UnityMemory] Configuration Parameters - Can be set up in boot.config
    "memorysetup-bucket-allocator-granularity=16"
    "memorysetup-bucket-allocator-bucket-count=8"
    "memorysetup-bucket-allocator-block-size=33554432"
    "memorysetup-bucket-allocator-block-count=8"
    "memorysetup-main-allocator-block-size=16777216"
    "memorysetup-thread-allocator-block-size=16777216"
    "memorysetup-gfx-main-allocator-block-size=16777216"
    "memorysetup-gfx-thread-allocator-block-size=16777216"
    "memorysetup-cache-allocator-block-size=4194304"
    "memorysetup-typetree-allocator-block-size=2097152"
    "memorysetup-profiler-bucket-allocator-granularity=16"
    "memorysetup-profiler-bucket-allocator-bucket-count=8"
    "memorysetup-profiler-bucket-allocator-block-size=33554432"
    "memorysetup-profiler-bucket-allocator-block-count=8"
    "memorysetup-profiler-allocator-block-size=16777216"
    "memorysetup-profiler-editor-allocator-block-size=1048576"
    "memorysetup-temp-allocator-size-main=16777216"
    "memorysetup-job-temp-allocator-block-size=2097152"
    "memorysetup-job-temp-allocator-block-size-background=1048576"
    "memorysetup-job-temp-allocator-reduction-small-platforms=262144"
    "memorysetup-allocator-temp-initial-block-size-main=262144"
    "memorysetup-allocator-temp-initial-block-size-worker=262144"
    "memorysetup-temp-allocator-size-background-worker=32768"
    "memorysetup-temp-allocator-size-job-worker=262144"
    "memorysetup-temp-allocator-size-preload-manager=33554432"
    "memorysetup-temp-allocator-size-nav-mesh-worker=65536"
    "memorysetup-temp-allocator-size-audio-worker=65536"
    "memorysetup-temp-allocator-size-cloud-worker=32768"
    "memorysetup-temp-allocator-size-gi-baking-worker=262144"
    "memorysetup-temp-allocator-size-gfx=262144"
Player connection [4439197056]  Target information:

Player connection [4439197056]  * "[IP] 10.3.200.119 [Port] 0 [Flags] 2 [Guid] 1786364574 [EditorId] 1786364574 [Version] 1048832 [Id] OSXEditor(0,iverbrugge25) [Debug] 1 [PackageName] OSXEditor [ProjectName] Editor" 

Player connection [4439197056] Host joined multi-casting on [225.0.0.222:54997]...
Player connection [4439197056] Host joined alternative multi-casting on [225.0.0.222:34997]...
[PhysX] Initialized MultithreadedTaskDispatcher with 8 workers.
Refreshing native plugins compatible for Editor in 43.89 ms, found 2 plugins.
Preloading 0 native plugins for Editor in 0.00 ms.
Initialize engine version: 2022.3.46f1 (8e9b8558c41a)
[Subsystems] Discovering subsystems at path /Applications/Unity/Hub/Editor/2022.3.46f1/Unity.app/Contents/Resources/UnitySubsystems
[Subsystems] Discovering subsystems at path /Users/iverbrugge25/Documents/GitHub/Pu-u-o-Manoa-App/Pu'u-o-Manoa-App/Assets
GfxDevice: creating device client; threaded=0; jobified=0
 preferred device: Apple M1 (high power)
Metal devices available: 1
0: Apple M1 (high power)
Using device Apple M1 (high power)
Initializing Metal device caps: Apple M1
Initialize mono
Mono path[0] = '/Applications/Unity/Hub/Editor/2022.3.46f1/Unity.app/Contents/Managed'
Mono path[1] = '/Applications/Unity/Hub/Editor/2022.3.46f1/Unity.app/Contents/MonoBleedingEdge/lib/mono/unityjit-macos'
Mono config path = '/Applications/Unity/Hub/Editor/2022.3.46f1/Unity.app/Contents/MonoBleedingEdge/etc'
Using monoOptions --debugger-agent=transport=dt_socket,embedding=1,server=y,suspend=n,address=127.0.0.1:56389
Begin MonoManager ReloadAssembly
Registering precompiled unity dll's ...
Register platform support module: /Applications/Unity/Hub/Editor/2022.3.46f1/Unity.app/Contents/PlaybackEngines/MacStandaloneSupport/UnityEditor.OSXStandalone.Extensions.dll
Register platform support module: /Applications/Unity/Hub/Editor/2022.3.46f1/PlaybackEngines/AndroidPlayer/UnityEditor.Android.Extensions.dll
Register platform support module: /Applications/Unity/Hub/Editor/2022.3.46f1/PlaybackEngines/iOSSupport/UnityEditor.iOS.Extensions.dll
Registered in 0.010385 seconds.
- Loaded All Assemblies, in  0.724 seconds
[usbmuxd] Start listen thread
[usbmuxd] Listen thread started
[usbmuxd] Send listen message
Native extension for iOS target not found
Native extension for Android target not found
Android Extension - Scanning For ADB Devices 483 ms
Native extension for OSXStandalone target not found
Mono: successfully reloaded assembly
- Finished resetting the current domain, in  1.113 seconds
Domain Reload Profiling: 1838ms
	BeginReloadAssembly (319ms)
		ExecutionOrderSort (0ms)
		DisableScriptedObjects (0ms)
		BackupInstance (0ms)
		ReleaseScriptingObjects (0ms)
		CreateAndSetChildDomain (1ms)
	RebuildCommonClasses (47ms)
	RebuildNativeTypeToScriptingClass (11ms)
	initialDomainReloadingComplete (96ms)
	LoadAllAssembliesAndSetupDomain (252ms)
		LoadAssemblies (328ms)
		RebuildTransferFunctionScriptingTraits (0ms)
		AnalyzeDomain (240ms)
			TypeCache.Refresh (239ms)
				TypeCache.ScanAssembly (206ms)
			ScanForSourceGeneratedMonoScriptInfo (0ms)
			ResolveRequiredComponents (1ms)
	FinalizeReload (1113ms)
		ReleaseScriptCaches (0ms)
		RebuildScriptCaches (0ms)
		SetupLoadedEditorAssemblies (1059ms)
			LogAssemblyErrors (0ms)
			InitializePlatformSupportModulesInManaged (805ms)
			SetLoadedEditorAssemblies (5ms)
			RefreshPlugins (0ms)
			BeforeProcessingInitializeOnLoad (2ms)
			ProcessInitializeOnLoadAttributes (210ms)
			ProcessInitializeOnLoadMethodAttributes (37ms)
			AfterProcessingInitializeOnLoad (0ms)
			EditorAssembliesLoaded (0ms)
		ExecutionOrderSort2 (0ms)
		AwakeInstancesAfterBackupRestoration (0ms)
========================================================================
Worker process is ready to serve import requests
Caller must complete domain reload
Begin MonoManager ReloadAssembly
Symbol file data-0x13ad26800 doesn't match image /Users/iverbrugge25/Documents/GitHub/Pu-u-o-Manoa-App/Pu'u-o-Manoa-App/Library/ScriptAssemblies/Unity.Notifications.dll
Symbol file LoadedFromMemory is not a mono symbol file
Symbol file data-0x148388000 doesn't match image /Users/iverbrugge25/Documents/GitHub/Pu-u-o-Manoa-App/Pu'u-o-Manoa-App/Library/ScriptAssemblies/Unity.PlasticSCM.Editor.dll
Symbol file LoadedFromMemory is not a mono symbol file
Symbol file data-0x1401d0000 doesn't match image /Users/iverbrugge25/Documents/GitHub/Pu-u-o-Manoa-App/Pu'u-o-Manoa-App/Library/ScriptAssemblies/Unity.Timeline.Editor.dll
Symbol file LoadedFromMemory is not a mono symbol file
Symbol file data-0x13e707a00 doesn't match image /Users/iverbrugge25/Documents/GitHub/Pu-u-o-Manoa-App/Pu'u-o-Manoa-App/Library/ScriptAssemblies/Unity.VisualScripting.Shared.Editor.dll
Symbol file LoadedFromMemory is not a mono symbol file
Symbol file data-0x130978000 doesn't match image /Users/iverbrugge25/Documents/GitHub/Pu-u-o-Manoa-App/Pu'u-o-Manoa-App/Library/ScriptAssemblies/Unity.AdaptivePerformance.dll
Symbol file LoadedFromMemory is not a mono symbol file
Symbol file data-0x13da31a00 doesn't match image /Users/iverbrugge25/Documents/GitHub/Pu-u-o-Manoa-App/Pu'u-o-Manoa-App/Library/ScriptAssemblies/Unity.CollabProxy.Editor.dll
Symbol file LoadedFromMemory is not a mono symbol file
Symbol file data-0x1482a8000 doesn't match image /Users/iverbrugge25/Documents/GitHub/Pu-u-o-Manoa-App/Pu'u-o-Manoa-App/Library/ScriptAssemblies/Unity.VisualStudio.Editor.dll
Symbol file LoadedFromMemory is not a mono symbol file
Symbol file data-0x13da31a00 doesn't match image /Users/iverbrugge25/Documents/GitHub/Pu-u-o-Manoa-App/Pu'u-o-Manoa-App/Library/ScriptAssemblies/Unity.AdaptivePerformance.Simulator.Extension.dll
Symbol file LoadedFromMemory is not a mono symbol file
Symbol file data-0x13e712e00 doesn't match image /Users/iverbrugge25/Documents/GitHub/Pu-u-o-Manoa-App/Pu'u-o-Manoa-App/Library/ScriptAssemblies/Unity.Notifications.iOS.dll
Symbol file LoadedFromMemory is not a mono symbol file
Symbol file data-0x120040000 doesn't match image /Users/iverbrugge25/Documents/GitHub/Pu-u-o-Manoa-App/Pu'u-o-Manoa-App/Library/ScriptAssemblies/UnityEditor.UI.dll
Symbol file LoadedFromMemory is not a mono symbol file
Symbol file data-0x1309b0000 doesn't match image /Users/iverbrugge25/Documents/GitHub/Pu-u-o-Manoa-App/Pu'u-o-Manoa-App/Library/ScriptAssemblies/Unity.VisualScripting.Core.dll
Symbol file LoadedFromMemory is not a mono symbol file
Symbol file data-0x13da35400 doesn't match image /Users/iverbrugge25/Documents/GitHub/Pu-u-o-Manoa-App/Pu'u-o-Manoa-App/Library/ScriptAssemblies/Unity.AdaptivePerformance.Profiler.Editor.dll
Symbol file LoadedFromMemory is not a mono symbol file
Symbol file data-0x1401d0000 doesn't match image /Users/iverbrugge25/Documents/GitHub/Pu-u-o-Manoa-App/Pu'u-o-Manoa-App/Library/ScriptAssemblies/UnityEngine.UI.dll
Symbol file LoadedFromMemory is not a mono symbol file
Symbol file data-0x140a00000 doesn't match image /Users/iverbrugge25/Documents/GitHub/Pu-u-o-Manoa-App/Pu'u-o-Manoa-App/Library/ScriptAssemblies/Unity.VisualScripting.Core.Editor.dll
Symbol file LoadedFromMemory is not a mono symbol file
Symbol file data-0x1482a8000 doesn't match image /Users/iverbrugge25/Documents/GitHub/Pu-u-o-Manoa-App/Pu'u-o-Manoa-App/Library/ScriptAssemblies/Unity.Rider.Editor.dll
Symbol file LoadedFromMemory is not a mono symbol file
Symbol file data-0x13e6d4000 doesn't match image /Users/iverbrugge25/Documents/GitHub/Pu-u-o-Manoa-App/Pu'u-o-Manoa-App/Library/ScriptAssemblies/Unity.AdaptivePerformance.Simulator.Editor.dll
Symbol file LoadedFromMemory is not a mono symbol file
Symbol file data-0x13e70d600 doesn't match image /Users/iverbrugge25/Documents/GitHub/Pu-u-o-Manoa-App/Pu'u-o-Manoa-App/Library/ScriptAssemblies/Unity.AdaptivePerformance.UI.Editor.dll
Symbol file LoadedFromMemory is not a mono symbol file
Symbol file data-0x148698000 doesn't match image /Users/iverbrugge25/Documents/GitHub/Pu-u-o-Manoa-App/Pu'u-o-Manoa-App/Library/ScriptAssemblies/UnityEditor.TestRunner.dll
Symbol file LoadedFromMemory is not a mono symbol file
Symbol file data-0x1486b8000 doesn't match image /Users/iverbrugge25/Documents/GitHub/Pu-u-o-Manoa-App/Pu'u-o-Manoa-App/Library/ScriptAssemblies/Unity.VisualScripting.Flow.dll
Symbol file LoadedFromMemory is not a mono symbol file
Symbol file data-0x148698000 doesn't match image /Users/iverbrugge25/Documents/GitHub/Pu-u-o-Manoa-App/Pu'u-o-Manoa-App/Library/ScriptAssemblies/Unity.VisualScripting.Flow.Editor.dll
Symbol file LoadedFromMemory is not a mono symbol file
Symbol file data-0x1482a8000 doesn't match image /Users/iverbrugge25/Documents/GitHub/Pu-u-o-Manoa-App/Pu'u-o-Manoa-App/Library/ScriptAssemblies/Unity.Timeline.dll
Symbol file LoadedFromMemory is not a mono symbol file
Symbol file data-0x13e70d600 doesn't match image /Users/iverbrugge25/Documents/GitHub/Pu-u-o-Manoa-App/Pu'u-o-Manoa-App/Library/ScriptAssemblies/Unity.VisualScripting.SettingsProvider.Editor.dll
Symbol file LoadedFromMemory is not a mono symbol file
Symbol file data-0x13ad2b000 doesn't match image /Users/iverbrugge25/Documents/GitHub/Pu-u-o-Manoa-App/Pu'u-o-Manoa-App/Library/ScriptAssemblies/Unity.Subsystem.Registration.dll
Symbol file LoadedFromMemory is not a mono symbol file
Symbol file data-0x1401f8000 doesn't match image /Users/iverbrugge25/Documents/GitHub/Pu-u-o-Manoa-App/Pu'u-o-Manoa-App/Library/ScriptAssemblies/Unity.Mobile.AndroidLogcat.Editor.dll
Symbol file LoadedFromMemory is not a mono symbol file
Symbol file data-0x140210000 doesn't match image /Users/iverbrugge25/Documents/GitHub/Pu-u-o-Manoa-App/Pu'u-o-Manoa-App/Library/ScriptAssemblies/Unity.VisualScripting.State.Editor.dll
Symbol file LoadedFromMemory is not a mono symbol file
Symbol file data-0x1401f8000 doesn't match image /Users/iverbrugge25/Documents/GitHub/Pu-u-o-Manoa-App/Pu'u-o-Manoa-App/Library/ScriptAssemblies/UnityEngine.TestRunner.dll
Symbol file LoadedFromMemory is not a mono symbol file
Symbol file data-0x1409b8000 doesn't match image /Users/iverbrugge25/Documents/GitHub/Pu-u-o-Manoa-App/Pu'u-o-Manoa-App/Library/ScriptAssemblies/Unity.TextMeshPro.dll
Symbol file LoadedFromMemory is not a mono symbol file
Symbol file data-0x1401f8000 doesn't match image /Users/iverbrugge25/Documents/GitHub/Pu-u-o-Manoa-App/Pu'u-o-Manoa-App/Library/ScriptAssemblies/Unity.TextMeshPro.Editor.dll
Symbol file LoadedFromMemory is not a mono symbol file
Symbol file data-0x150048000 doesn't match image /Users/iverbrugge25/Documents/GitHub/Pu-u-o-Manoa-App/Pu'u-o-Manoa-App/Library/ScriptAssemblies/Unity.AdaptivePerformance.Editor.dll
Symbol file LoadedFromMemory is not a mono symbol file
Symbol file data-0x2a01f7800 doesn't match image /Users/iverbrugge25/Documents/GitHub/Pu-u-o-Manoa-App/Pu'u-o-Manoa-App/Library/ScriptAssemblies/Unity.VisualScripting.State.dll
Symbol file LoadedFromMemory is not a mono symbol file
Symbol file data-0x13e712a00 doesn't match image /Users/iverbrugge25/Documents/GitHub/Pu-u-o-Manoa-App/Pu'u-o-Manoa-App/Library/ScriptAssemblies/Unity.VSCode.Editor.dll
Symbol file LoadedFromMemory is not a mono symbol file
Symbol file data-0x2a01fe600 doesn't match image /Users/iverbrugge25/Documents/GitHub/Pu-u-o-Manoa-App/Pu'u-o-Manoa-App/Library/ScriptAssemblies/Unity.Notifications.Android.dll
Symbol file LoadedFromMemory is not a mono symbol file
Symbol file data-0x13e714000 doesn't match image /Users/iverbrugge25/Documents/GitHub/Pu-u-o-Manoa-App/Pu'u-o-Manoa-App/Library/ScriptAssemblies/Unity.Profiling.Core.dll
Symbol file LoadedFromMemory is not a mono symbol file
Symbol file data-0x2a01fe800 doesn't match image /Users/iverbrugge25/Documents/GitHub/Pu-u-o-Manoa-App/Pu'u-o-Manoa-App/Library/ScriptAssemblies/Unity.Notifications.Unified.dll
Symbol file LoadedFromMemory is not a mono symbol file
- Loaded All Assemblies, in  1.657 seconds
Native extension for iOS target not found
Native extension for Android target not found
Native extension for OSXStandalone target not found
Package Manager log level set to [2]
[Package Manager] Server::EnsureServerProcessIsRunning -- launch failed, reason: Unity was launched with the -noUpm command-line argument
[Package Manager] UpmClient::Send -- Unable to send message (not connected to UPM process).
[Package Manager] Cannot connect to Unity Package Manager local server
Mono: successfully reloaded assembly
[Package Manager] Server::EnsureServerProcessIsRunning -- launch failed, reason: Unity was launched with the -noUpm command-line argument
[Package Manager] UpmClient::Send -- Unable to send message (not connected to UPM process).
[Package Manager] Cannot connect to Unity Package Manager local server
[Package Manager] Server::EnsureServerProcessIsRunning -- launch failed, reason: Unity was launched with the -noUpm command-line argument
[Package Manager] UpmClient::Send -- Unable to send message (not connected to UPM process).
[Package Manager] Cannot connect to Unity Package Manager local server
- Finished resetting the current domain, in  0.736 seconds
Domain Reload Profiling: 2419ms
	BeginReloadAssembly (506ms)
		ExecutionOrderSort (0ms)
		DisableScriptedObjects (14ms)
		BackupInstance (0ms)
		ReleaseScriptingObjects (0ms)
		CreateAndSetChildDomain (62ms)
	RebuildCommonClasses (52ms)
	RebuildNativeTypeToScriptingClass (11ms)
	initialDomainReloadingComplete (71ms)
	LoadAllAssembliesAndSetupDomain (1044ms)
		LoadAssemblies (1088ms)
		RebuildTransferFunctionScriptingTraits (0ms)
		AnalyzeDomain (266ms)
			TypeCache.Refresh (237ms)
				TypeCache.ScanAssembly (183ms)
			ScanForSourceGeneratedMonoScriptInfo (19ms)
			ResolveRequiredComponents (8ms)
	FinalizeReload (736ms)
		ReleaseScriptCaches (0ms)
		RebuildScriptCaches (0ms)
		SetupLoadedEditorAssemblies (503ms)
			LogAssemblyErrors (0ms)
			InitializePlatformSupportModulesInManaged (80ms)
			SetLoadedEditorAssemblies (7ms)
			RefreshPlugins (0ms)
			BeforeProcessingInitializeOnLoad (51ms)
			ProcessInitializeOnLoadAttributes (342ms)
			ProcessInitializeOnLoadMethodAttributes (22ms)
			AfterProcessingInitializeOnLoad (1ms)
			EditorAssembliesLoaded (0ms)
		ExecutionOrderSort2 (0ms)
		AwakeInstancesAfterBackupRestoration (3ms)
Launching external process: /Applications/Unity/Hub/Editor/2022.3.46f1/Unity.app/Contents/Tools/UnityShaderCompiler
Launched and connected shader compiler UnityShaderCompiler after 0.15 seconds
Refreshing native plugins compatible for Editor in 50.30 ms, found 2 plugins.
Preloading 0 native plugins for Editor in 0.00 ms.
Unloading 3199 Unused Serialized files (Serialized files now loaded: 0)
Unloading 18 unused Assets / (51.1 KB). Loaded Objects now: 3672.
Memory consumption went from 220.7 MB to 220.7 MB.
Total: 7.871000 ms (FindLiveObjects: 0.494792 ms CreateObjectMapping: 0.190208 ms MarkObjects: 4.860083 ms  DeleteObjects: 2.324708 ms)

AssetImportParameters requested are different than current active one (requested -> active):
  custom:container-demuxer-ogg: 62fdf1f143b41e24485cea50d1cbac27 -> 
  custom:video-decoder-ogg-theora: a1e56fd34408186e4bbccfd4996cb3dc -> 
  custom:CustomObjectIndexerAttribute: 9a22284fe3817be447336de3de66b15e -> 
  custom:container-demuxer-webm: 4f35f7cbe854078d1ac9338744f61a02 -> 
  custom:container-muxer-webm: aa71ff27fc2769a1b78a27578f13a17b -> 
  custom:video-decoder-webm-vp8: 9c59270c3fd7afecdb556c50c9e8de78 -> 
  custom:SearchIndexIgnoredProperties: e643bd26f0fe6173181afceb89e7c659 -> 
  custom:AudioImporter_EditorPlatform: 3918e3fc78b5a79bad01e8451be0beb8 -> 
  custom:framework-osx-AVFoundation: e770b220cccbd017edd2c1fefb359320 -> 
  custom:video-encoder-webm-vp8: eb34c28f22e8b96e1ab97ce403110664 -> 
  custom:audio-decoder-ogg-vorbis: bf7c407c2cedff20999df2af8eb42d56 -> 
  custom:audio-encoder-webm-vorbis: bf7c407c2cedff20999df2af8eb42d56 -> 
========================================================================
Received Import Request.
  Time since last request: 30365.273086 seconds.
  path: ProjectSettings/TagManager.asset
  artifactKey: Guid(00000000000000003000000000000000) Importer(815301076,1909f56bfc062723c751e8b465ee728b)
Start importing ProjectSettings/TagManager.asset using Guid(00000000000000003000000000000000) Importer(815301076,1909f56bfc062723c751e8b465ee728b) [PhysX] Initialized MultithreadedTaskDispatcher with 8 workers.
 -> (artifact id: 'a2ed4f3eafcc2bc862c440eaeb831565') in 0.018225 seconds
Number of updated asset objects reloaded before import = 0
Number of asset objects unloaded after import = 0
========================================================================
Received Import Request.
  Time since last request: 0.000168 seconds.
  path: Assets/Materials/New Physic Material.physicMaterial
  artifactKey: Guid(2adf8424b39aa4e0d93df51b69ecf47e) Importer(2089858483,0ecaa5967403d082aa24f35e1b516d23)
Start importing Assets/Materials/New Physic Material.physicMaterial using Guid(2adf8424b39aa4e0d93df51b69ecf47e) Importer(2089858483,0ecaa5967403d082aa24f35e1b516d23) [PhysX] Initialized MultithreadedTaskDispatcher with 8 workers.
 -> (artifact id: 'f694b2b204e8f85413979371dc82ce87') in 0.101081 seconds
Number of updated asset objects reloaded before import = 0
Number of asset objects unloaded after import = 1
========================================================================
Received Import Request.
  Time since last request: 0.000371 seconds.
  path: Assets/Editor/com.unity.mobile.notifications/NotificationSettings.asset
  artifactKey: Guid(45a04f37e0f48c744acc0874c4a8918a) Importer(2089858483,0ecaa5967403d082aa24f35e1b516d23)
Start importing Assets/Editor/com.unity.mobile.notifications/NotificationSettings.asset using Guid(45a04f37e0f48c744acc0874c4a8918a) Importer(2089858483,0ecaa5967403d082aa24f35e1b516d23) [PhysX] Initialized MultithreadedTaskDispatcher with 8 workers.
 -> (artifact id: 'bf482824dba134f776729e9f0be80cbe') in 0.029709 seconds
Number of updated asset objects reloaded before import = 0
Number of asset objects unloaded after import = 1
========================================================================
Received Import Request.
  Time since last request: 0.000108 seconds.
  path: Assets/TutorialInfo/Icons/Mobile 3D.png
  artifactKey: Guid(cbea0258d69fdef4ba73fa582f0e2004) Importer(2089858483,0ecaa5967403d082aa24f35e1b516d23)
Start importing Assets/TutorialInfo/Icons/Mobile 3D.png using Guid(cbea0258d69fdef4ba73fa582f0e2004) Importer(2089858483,0ecaa5967403d082aa24f35e1b516d23) [PhysX] Initialized MultithreadedTaskDispatcher with 8 workers.
 -> (artifact id: '31bb68c47e5a3d2d399c9daaa487709a') in 0.048587 seconds
Number of updated asset objects reloaded before import = 0
Number of asset objects unloaded after import = 1
========================================================================
Received Import Request.
  Time since last request: 0.000222 seconds.
  path: Assets/Materials/Mat 3.mat
  artifactKey: Guid(dee03235c7af345faa7ad9c5913b2894) Importer(2089858483,0ecaa5967403d082aa24f35e1b516d23)
Start importing Assets/Materials/Mat 3.mat using Guid(dee03235c7af345faa7ad9c5913b2894) Importer(2089858483,0ecaa5967403d082aa24f35e1b516d23) [PhysX] Initialized MultithreadedTaskDispatcher with 8 workers.
 -> (artifact id: '719d69be07690fd8ca92c150f9ccb01d') in 0.021118 seconds
Number of updated asset objects reloaded before import = 0
Number of asset objects unloaded after import = 1
========================================================================
Received Import Request.
  Time since last request: 0.000237 seconds.
  path: Assets/Materials/Mat 1.mat
  artifactKey: Guid(696dd6a58702c4b21b3ebb532079748d) Importer(2089858483,0ecaa5967403d082aa24f35e1b516d23)
Start importing Assets/Materials/Mat 1.mat using Guid(696dd6a58702c4b21b3ebb532079748d) Importer(2089858483,0ecaa5967403d082aa24f35e1b516d23) [PhysX] Initialized MultithreadedTaskDispatcher with 8 workers.
 -> (artifact id: '1174a56121779730de84375a78706aa5') in 0.011968 seconds
Number of updated asset objects reloaded before import = 0
Number of asset objects unloaded after import = 1
========================================================================
Received Import Request.
  Time since last request: 0.000713 seconds.
  path: Assets/TutorialInfo/Scripts/Editor/ReadmeEditor.cs
  artifactKey: Guid(476cc7d7cd9874016adc216baab94a0a) Importer(2089858483,0ecaa5967403d082aa24f35e1b516d23)
Start importing Assets/TutorialInfo/Scripts/Editor/ReadmeEditor.cs using Guid(476cc7d7cd9874016adc216baab94a0a) Importer(2089858483,0ecaa5967403d082aa24f35e1b516d23) [PhysX] Initialized MultithreadedTaskDispatcher with 8 workers.
 -> (artifact id: '17ee5b1110b4e436ca7846bbd47b5911') in 0.022554 seconds
Number of updated asset objects reloaded before import = 0
Number of asset objects unloaded after import = 1
========================================================================
Received Import Request.
  Time since last request: 0.000235 seconds.
  path: Assets/TutorialInfo/Layout.wlt
  artifactKey: Guid(96e98bffd05413f489cd9851fc862d1f) Importer(2089858483,0ecaa5967403d082aa24f35e1b516d23)
Start importing Assets/TutorialInfo/Layout.wlt using Guid(96e98bffd05413f489cd9851fc862d1f) Importer(2089858483,0ecaa5967403d082aa24f35e1b516d23) [PhysX] Initialized MultithreadedTaskDispatcher with 8 workers.
 -> (artifact id: '08b673096132ced8c253779d007db5d0') in 0.018114 seconds
Number of updated asset objects reloaded before import = 0
Number of asset objects unloaded after import = 1
========================================================================
Received Import Request.
  Time since last request: 0.000354 seconds.
  path: Assets/Tree_Textures/diffuse.png
  artifactKey: Guid(7dfb532d69c08412a95fb73151b27082) Importer(2089858483,0ecaa5967403d082aa24f35e1b516d23)
Start importing Assets/Tree_Textures/diffuse.png using Guid(7dfb532d69c08412a95fb73151b27082) Importer(2089858483,0ecaa5967403d082aa24f35e1b516d23) [PhysX] Initialized MultithreadedTaskDispatcher with 8 workers.
 -> (artifact id: '969cf106dd0a013120a680ad38fd5224') in 0.019647 seconds
Number of updated asset objects reloaded before import = 0
Number of asset objects unloaded after import = 1
========================================================================
Received Import Request.
  Time since last request: 0.000253 seconds.
  path: Assets/Tree_Textures/normal_specular.png
  artifactKey: Guid(db77df9ee366b43319b927b712e687fa) Importer(2089858483,0ecaa5967403d082aa24f35e1b516d23)
Start importing Assets/Tree_Textures/normal_specular.png using Guid(db77df9ee366b43319b927b712e687fa) Importer(2089858483,0ecaa5967403d082aa24f35e1b516d23) [PhysX] Initialized MultithreadedTaskDispatcher with 8 workers.
 -> (artifact id: '2af70b5e90303725f32ded7870530116') in 0.014050 seconds
Number of updated asset objects reloaded before import = 0
Number of asset objects unloaded after import = 1
========================================================================
Received Import Request.
  Time since last request: 0.000393 seconds.
  path: Assets/Scenes/Game.unity
  artifactKey: Guid(c850ee8c3b14cc8459e7e186857cf567) Importer(2089858483,0ecaa5967403d082aa24f35e1b516d23)
Start importing Assets/Scenes/Game.unity using Guid(c850ee8c3b14cc8459e7e186857cf567) Importer(2089858483,0ecaa5967403d082aa24f35e1b516d23) [PhysX] Initialized MultithreadedTaskDispatcher with 8 workers.
 -> (artifact id: 'eecf794e8aec7c5c46e352b1c77fa932') in 0.010937 seconds
Number of updated asset objects reloaded before import = 0
Number of asset objects unloaded after import = 1
========================================================================
Received Import Request.
  Time since last request: 0.000464 seconds.
  path: Assets/Scripts/CameraController.cs
  artifactKey: Guid(54c3bd4d56fc24be598ddc9c3d12a4f3) Importer(2089858483,0ecaa5967403d082aa24f35e1b516d23)
Start importing Assets/Scripts/CameraController.cs using Guid(54c3bd4d56fc24be598ddc9c3d12a4f3) Importer(2089858483,0ecaa5967403d082aa24f35e1b516d23) [PhysX] Initialized MultithreadedTaskDispatcher with 8 workers.
 -> (artifact id: 'ed2e560fd7d2c9388492d9d935f99cfe') in 0.014549 seconds
Number of updated asset objects reloaded before import = 0
Number of asset objects unloaded after import = 1
========================================================================
Received Import Request.
  Time since last request: 0.000215 seconds.
  path: Assets/TutorialInfo/Icons/Help_Icon.png
  artifactKey: Guid(9266273b8f123004195741f969177dda) Importer(2089858483,0ecaa5967403d082aa24f35e1b516d23)
Start importing Assets/TutorialInfo/Icons/Help_Icon.png using Guid(9266273b8f123004195741f969177dda) Importer(2089858483,0ecaa5967403d082aa24f35e1b516d23) [PhysX] Initialized MultithreadedTaskDispatcher with 8 workers.
 -> (artifact id: '4df16dbe0d4dfcf5f3d17f682d659adc') in 0.018300 seconds
Number of updated asset objects reloaded before import = 0
Number of asset objects unloaded after import = 1
========================================================================
Received Prepare
Caller must complete domain reload
Begin MonoManager ReloadAssembly
Thread 0x2a382f000 may have been prematurely finalized
Symbol file data-0x2ac2d8a00 doesn't match image /Users/iverbrugge25/Documents/GitHub/Pu-u-o-Manoa-App/Pu'u-o-Manoa-App/Library/ScriptAssemblies/Unity.Notifications.dll
Symbol file LoadedFromMemory is not a mono symbol file
Symbol file data-0x1400d0000 doesn't match image /Users/iverbrugge25/Documents/GitHub/Pu-u-o-Manoa-App/Pu'u-o-Manoa-App/Library/ScriptAssemblies/Unity.PlasticSCM.Editor.dll
Symbol file LoadedFromMemory is not a mono symbol file
Symbol file data-0x1308b0000 doesn't match image /Users/iverbrugge25/Documents/GitHub/Pu-u-o-Manoa-App/Pu'u-o-Manoa-App/Library/ScriptAssemblies/Unity.Timeline.Editor.dll
Symbol file LoadedFromMemory is not a mono symbol file
Symbol file data-0x13d365600 doesn't match image /Users/iverbrugge25/Documents/GitHub/Pu-u-o-Manoa-App/Pu'u-o-Manoa-App/Library/ScriptAssemblies/Unity.VisualScripting.Shared.Editor.dll
Symbol file LoadedFromMemory is not a mono symbol file
Symbol file data-0x1307e8000 doesn't match image /Users/iverbrugge25/Documents/GitHub/Pu-u-o-Manoa-App/Pu'u-o-Manoa-App/Library/ScriptAssemblies/Unity.AdaptivePerformance.dll
Symbol file LoadedFromMemory is not a mono symbol file
Symbol file data-0x2aba03800 doesn't match image /Users/iverbrugge25/Documents/GitHub/Pu-u-o-Manoa-App/Pu'u-o-Manoa-App/Library/ScriptAssemblies/Unity.CollabProxy.Editor.dll
Symbol file LoadedFromMemory is not a mono symbol file
Symbol file data-0x140a18000 doesn't match image /Users/iverbrugge25/Documents/GitHub/Pu-u-o-Manoa-App/Pu'u-o-Manoa-App/Library/ScriptAssemblies/Unity.VisualStudio.Editor.dll
Symbol file LoadedFromMemory is not a mono symbol file
Symbol file data-0x2ac2d8a00 doesn't match image /Users/iverbrugge25/Documents/GitHub/Pu-u-o-Manoa-App/Pu'u-o-Manoa-App/Library/ScriptAssemblies/Unity.AdaptivePerformance.Simulator.Extension.dll
Symbol file LoadedFromMemory is not a mono symbol file
Symbol file data-0x13d365600 doesn't match image /Users/iverbrugge25/Documents/GitHub/Pu-u-o-Manoa-App/Pu'u-o-Manoa-App/Library/ScriptAssemblies/Unity.Notifications.iOS.dll
Symbol file LoadedFromMemory is not a mono symbol file
Symbol file data-0x140a18000 doesn't match image /Users/iverbrugge25/Documents/GitHub/Pu-u-o-Manoa-App/Pu'u-o-Manoa-App/Library/ScriptAssemblies/UnityEditor.UI.dll
Symbol file LoadedFromMemory is not a mono symbol file
Symbol file data-0x1308c8000 doesn't match image /Users/iverbrugge25/Documents/GitHub/Pu-u-o-Manoa-App/Pu'u-o-Manoa-App/Library/ScriptAssemblies/Unity.VisualScripting.Core.dll
Symbol file LoadedFromMemory is not a mono symbol file
Symbol file data-0x13d365600 doesn't match image /Users/iverbrugge25/Documents/GitHub/Pu-u-o-Manoa-App/Pu'u-o-Manoa-App/Library/ScriptAssemblies/Unity.AdaptivePerformance.Profiler.Editor.dll
Symbol file LoadedFromMemory is not a mono symbol file
Symbol file data-0x1400d0000 doesn't match image /Users/iverbrugge25/Documents/GitHub/Pu-u-o-Manoa-App/Pu'u-o-Manoa-App/Library/ScriptAssemblies/UnityEngine.UI.dll
Symbol file LoadedFromMemory is not a mono symbol file
Symbol file data-0x1400f8000 doesn't match image /Users/iverbrugge25/Documents/GitHub/Pu-u-o-Manoa-App/Pu'u-o-Manoa-App/Library/ScriptAssemblies/Unity.VisualScripting.Core.Editor.dll
Symbol file LoadedFromMemory is not a mono symbol file
Symbol file data-0x148290000 doesn't match image /Users/iverbrugge25/Documents/GitHub/Pu-u-o-Manoa-App/Pu'u-o-Manoa-App/Library/ScriptAssemblies/Unity.Rider.Editor.dll
Symbol file LoadedFromMemory is not a mono symbol file
Symbol file data-0x13d70c000 doesn't match image /Users/iverbrugge25/Documents/GitHub/Pu-u-o-Manoa-App/Pu'u-o-Manoa-App/Library/ScriptAssemblies/Unity.AdaptivePerformance.Simulator.Editor.dll
Symbol file LoadedFromMemory is not a mono symbol file
Symbol file data-0x2aba07e00 doesn't match image /Users/iverbrugge25/Documents/GitHub/Pu-u-o-Manoa-App/Pu'u-o-Manoa-App/Library/ScriptAssemblies/Unity.AdaptivePerformance.UI.Editor.dll
Symbol file LoadedFromMemory is not a mono symbol file
Symbol file data-0x1502b8000 doesn't match image /Users/iverbrugge25/Documents/GitHub/Pu-u-o-Manoa-App/Pu'u-o-Manoa-App/Library/ScriptAssemblies/UnityEditor.TestRunner.dll
Symbol file LoadedFromMemory is not a mono symbol file
Symbol file data-0x130948000 doesn't match image /Users/iverbrugge25/Documents/GitHub/Pu-u-o-Manoa-App/Pu'u-o-Manoa-App/Library/ScriptAssemblies/Unity.VisualScripting.Flow.dll
Symbol file LoadedFromMemory is not a mono symbol file
Symbol file data-0x1502b8000 doesn't match image /Users/iverbrugge25/Documents/GitHub/Pu-u-o-Manoa-App/Pu'u-o-Manoa-App/Library/ScriptAssemblies/Unity.VisualScripting.Flow.Editor.dll
Symbol file LoadedFromMemory is not a mono symbol file
Symbol file data-0x1308f0000 doesn't match image /Users/iverbrugge25/Documents/GitHub/Pu-u-o-Manoa-App/Pu'u-o-Manoa-App/Library/ScriptAssemblies/Unity.Timeline.dll
Symbol file LoadedFromMemory is not a mono symbol file
Symbol file data-0x2ac2d8a00 doesn't match image /Users/iverbrugge25/Documents/GitHub/Pu-u-o-Manoa-App/Pu'u-o-Manoa-App/Library/ScriptAssemblies/Unity.VisualScripting.SettingsProvider.Editor.dll
Symbol file LoadedFromMemory is not a mono symbol file
Symbol file data-0x2ac2e6200 doesn't match image /Users/iverbrugge25/Documents/GitHub/Pu-u-o-Manoa-App/Pu'u-o-Manoa-App/Library/ScriptAssemblies/Unity.Subsystem.Registration.dll
Symbol file LoadedFromMemory is not a mono symbol file
Symbol file data-0x1308f0000 doesn't match image /Users/iverbrugge25/Documents/GitHub/Pu-u-o-Manoa-App/Pu'u-o-Manoa-App/Library/ScriptAssemblies/Unity.Mobile.AndroidLogcat.Editor.dll
Symbol file LoadedFromMemory is not a mono symbol file
Symbol file data-0x150240000 doesn't match image /Users/iverbrugge25/Documents/GitHub/Pu-u-o-Manoa-App/Pu'u-o-Manoa-App/Library/ScriptAssemblies/Unity.VisualScripting.State.Editor.dll
Symbol file LoadedFromMemory is not a mono symbol file
Symbol file data-0x1400d0000 doesn't match image /Users/iverbrugge25/Documents/GitHub/Pu-u-o-Manoa-App/Pu'u-o-Manoa-App/Library/ScriptAssemblies/UnityEngine.TestRunner.dll
Symbol file LoadedFromMemory is not a mono symbol file
Symbol file data-0x1400e8000 doesn't match image /Users/iverbrugge25/Documents/GitHub/Pu-u-o-Manoa-App/Pu'u-o-Manoa-App/Library/ScriptAssemblies/Unity.TextMeshPro.dll
Symbol file LoadedFromMemory is not a mono symbol file
Symbol file data-0x1482a0000 doesn't match image /Users/iverbrugge25/Documents/GitHub/Pu-u-o-Manoa-App/Pu'u-o-Manoa-App/Library/ScriptAssemblies/Unity.TextMeshPro.Editor.dll
Symbol file LoadedFromMemory is not a mono symbol file
Symbol file data-0x140a18000 doesn't match image /Users/iverbrugge25/Documents/GitHub/Pu-u-o-Manoa-App/Pu'u-o-Manoa-App/Library/ScriptAssemblies/Unity.AdaptivePerformance.Editor.dll
Symbol file LoadedFromMemory is not a mono symbol file
Symbol file data-0x2aba08000 doesn't match image /Users/iverbrugge25/Documents/GitHub/Pu-u-o-Manoa-App/Pu'u-o-Manoa-App/Library/ScriptAssemblies/Unity.VisualScripting.State.dll
Symbol file LoadedFromMemory is not a mono symbol file
Symbol file data-0x13d70f200 doesn't match image /Users/iverbrugge25/Documents/GitHub/Pu-u-o-Manoa-App/Pu'u-o-Manoa-App/Library/ScriptAssemblies/Unity.VSCode.Editor.dll
Symbol file LoadedFromMemory is not a mono symbol file
Symbol file data-0x13d715c00 doesn't match image /Users/iverbrugge25/Documents/GitHub/Pu-u-o-Manoa-App/Pu'u-o-Manoa-App/Library/ScriptAssemblies/Unity.Notifications.Android.dll
Symbol file LoadedFromMemory is not a mono symbol file
Symbol file data-0x13e490c00 doesn't match image /Users/iverbrugge25/Documents/GitHub/Pu-u-o-Manoa-App/Pu'u-o-Manoa-App/Library/ScriptAssemblies/Unity.Profiling.Core.dll
Symbol file LoadedFromMemory is not a mono symbol file
Symbol file data-0x2aba0ee00 doesn't match image /Users/iverbrugge25/Documents/GitHub/Pu-u-o-Manoa-App/Pu'u-o-Manoa-App/Library/ScriptAssemblies/Unity.Notifications.Unified.dll
Symbol file LoadedFromMemory is not a mono symbol file
- Loaded All Assemblies, in  0.719 seconds
Native extension for iOS target not found
Native extension for Android target not found
Native extension for OSXStandalone target not found
[Package Manager] Server::EnsureServerProcessIsRunning -- launch failed, reason: Unity was launched with the -noUpm command-line argument
[Package Manager] UpmClient::Send -- Unable to send message (not connected to UPM process).
[Package Manager] Cannot connect to Unity Package Manager local server
Mono: successfully reloaded assembly
[Package Manager] Server::EnsureServerProcessIsRunning -- launch failed, reason: Unity was launched with the -noUpm command-line argument
[Package Manager] UpmClient::Send -- Unable to send message (not connected to UPM process).
[Package Manager] Cannot connect to Unity Package Manager local server
- Finished resetting the current domain, in  1.598 seconds
Domain Reload Profiling: 2318ms
	BeginReloadAssembly (277ms)
		ExecutionOrderSort (0ms)
		DisableScriptedObjects (4ms)
		BackupInstance (0ms)
		ReleaseScriptingObjects (0ms)
		CreateAndSetChildDomain (59ms)
	RebuildCommonClasses (31ms)
	RebuildNativeTypeToScriptingClass (9ms)
	initialDomainReloadingComplete (23ms)
	LoadAllAssembliesAndSetupDomain (379ms)
		LoadAssemblies (541ms)
		RebuildTransferFunctionScriptingTraits (0ms)
		AnalyzeDomain (13ms)
			TypeCache.Refresh (8ms)
				TypeCache.ScanAssembly (0ms)
			ScanForSourceGeneratedMonoScriptInfo (0ms)
			ResolveRequiredComponents (5ms)
	FinalizeReload (1599ms)
		ReleaseScriptCaches (0ms)
		RebuildScriptCaches (0ms)
		SetupLoadedEditorAssemblies (319ms)
			LogAssemblyErrors (0ms)
			InitializePlatformSupportModulesInManaged (36ms)
			SetLoadedEditorAssemblies (3ms)
			RefreshPlugins (0ms)
			BeforeProcessingInitializeOnLoad (36ms)
			ProcessInitializeOnLoadAttributes (230ms)
			ProcessInitializeOnLoadMethodAttributes (13ms)
			AfterProcessingInitializeOnLoad (1ms)
			EditorAssembliesLoaded (0ms)
		ExecutionOrderSort2 (0ms)
		AwakeInstancesAfterBackupRestoration (2ms)
Refreshing native plugins compatible for Editor in 18.91 ms, found 2 plugins.
Preloading 0 native plugins for Editor in 0.00 ms.
Unloading 3192 Unused Serialized files (Serialized files now loaded: 0)
Unloading 13 unused Assets / (27.8 KB). Loaded Objects now: 3676.
Memory consumption went from 209.3 MB to 209.3 MB.
Total: 2.973875 ms (FindLiveObjects: 0.162667 ms CreateObjectMapping: 0.044791 ms MarkObjects: 2.702625 ms  DeleteObjects: 0.063167 ms)

Prepare: number of updated asset objects reloaded= 0
AssetImportParameters requested are different than current active one (requested -> active):
  custom:container-demuxer-ogg: 62fdf1f143b41e24485cea50d1cbac27 -> 
  custom:video-decoder-ogg-theora: a1e56fd34408186e4bbccfd4996cb3dc -> 
  custom:CustomObjectIndexerAttribute: 9a22284fe3817be447336de3de66b15e -> 
  custom:container-demuxer-webm: 4f35f7cbe854078d1ac9338744f61a02 -> 
  custom:container-muxer-webm: aa71ff27fc2769a1b78a27578f13a17b -> 
  custom:video-decoder-webm-vp8: 9c59270c3fd7afecdb556c50c9e8de78 -> 
  custom:SearchIndexIgnoredProperties: e643bd26f0fe6173181afceb89e7c659 -> 
  custom:AudioImporter_EditorPlatform: 3918e3fc78b5a79bad01e8451be0beb8 -> 
  custom:framework-osx-AVFoundation: e770b220cccbd017edd2c1fefb359320 -> 
  custom:video-encoder-webm-vp8: eb34c28f22e8b96e1ab97ce403110664 -> 
  custom:audio-decoder-ogg-vorbis: bf7c407c2cedff20999df2af8eb42d56 -> 
  custom:audio-encoder-webm-vorbis: bf7c407c2cedff20999df2af8eb42d56 -> 
